Using pre-set license
Built from '2020.3/staging' branch; Version is '2020.3.11f1 (99c7afb366b3) revision 10078127'; Using compiler version '192528614'; Build Type 'Release'
OS: 'Windows 10 Home Single Language; OS build 19042.985; Version 2009; 64bit' Language: 'en' Physical Memory: 16215 MB
BatchMode: 1, IsHumanControllingUs: 0, StartBugReporterOnCrash: 0, Is64bit: 1, IsPro: 0

 COMMAND LINE ARGUMENTS:
D:\Unity\2020.3.11f1\Editor\Unity.exe
-adb2
-batchMode
-noUpm
-name
AssetImportWorker0
-projectPath
D:/Unity/Projects/Solar System
-logFile
Logs/AssetImportWorker0.log
-srvPort
54781
Successfully changed project path to: D:/Unity/Projects/Solar System
D:/Unity/Projects/Solar System
Using Asset Import Pipeline V2.
Refreshing native plugins compatible for Editor in 21.28 ms, found 2 plugins.
Preloading 0 native plugins for Editor in 0.00 ms.
Initialize engine version: 2020.3.11f1 (99c7afb366b3)
[Subsystems] Discovering subsystems at path D:/Unity/2020.3.11f1/Editor/Data/Resources/UnitySubsystems
[Subsystems] Discovering subsystems at path D:/Unity/Projects/Solar System/Assets
GfxDevice: creating device client; threaded=0
Direct3D:
    Version:  Direct3D 11.0 [level 11.1]
    Renderer: NVIDIA GeForce RTX 2060 (ID=0x1f15)
    Vendor:   
    VRAM:     5980 MB
    Driver:   27.21.14.6647
Initialize mono
Mono path[0] = 'D:/Unity/2020.3.11f1/Editor/Data/Managed'
Mono path[1] = 'D:/Unity/2020.3.11f1/Editor/Data/MonoBleedingEdge/lib/mono/unityjit'
Mono config path = 'D:/Unity/2020.3.11f1/Editor/Data/MonoBleedingEdge/etc'
Using monoOptions --debugger-agent=transport=dt_socket,embedding=1,server=y,suspend=n,address=127.0.0.1:56464
Begin MonoManager ReloadAssembly
Registering precompiled unity dll's ...
Register platform support module: D:/Unity/2020.3.11f1/Editor/Data/PlaybackEngines/WindowsStandaloneSupport/UnityEditor.WindowsStandalone.Extensions.dll
Registered in 0.000948 seconds.
Native extension for WindowsStandalone target not found
Refreshing native plugins compatible for Editor in 21.47 ms, found 2 plugins.
Preloading 0 native plugins for Editor in 0.00 ms.
Mono: successfully reloaded assembly
- Completed reload, in  1.011 seconds
Platform modules already initialized, skipping
Registering precompiled user dll's ...
Registered in 0.002625 seconds.
Begin MonoManager ReloadAssembly
Native extension for WindowsStandalone target not found
Refreshing native plugins compatible for Editor in 0.25 ms, found 2 plugins.
Preloading 0 native plugins for Editor in 0.00 ms.
Mono: successfully reloaded assembly
- Completed reload, in  0.784 seconds
Platform modules already initialized, skipping
========================================================================
Worker process is ready to serve import requests
Launched and connected shader compiler UnityShaderCompiler.exe after 0.04 seconds
Refreshing native plugins compatible for Editor in 0.29 ms, found 2 plugins.
Preloading 0 native plugins for Editor in 0.00 ms.
Unloading 1386 Unused Serialized files (Serialized files now loaded: 0)
System memory in use before: 64.7 MB.
System memory in use after: 64.7 MB.

Unloading 19 unused Assets to reduce memory usage. Loaded Objects now: 1819.
Total: 1.811300 ms (FindLiveObjects: 0.163700 ms CreateObjectMapping: 0.048000 ms MarkObjects: 1.528700 ms  DeleteObjects: 0.070100 ms)

========================================================================
Received Import Request.
  path: Assets
  artifactKey: Guid(00000000000000001000000000000000) Importer(815301076,1909f56bfc062723c751e8b465ee728b)
Start importing Assets using Guid(00000000000000001000000000000000) Importer(815301076,1909f56bfc062723c751e8b465ee728b)  -> (artifact id: '42d402b061de3733987d63b9cc3b64de') in 0.023512 seconds
  Import took 0.047323 seconds .

========================================================================
Received Import Request.
  Time since last request: 25.239227 seconds.
  path: Assets/Sun_Map.jpg
  artifactKey: Guid(06f9efd5a9b750349bf5cb342480c483) Importer(815301076,1909f56bfc062723c751e8b465ee728b)
Start importing Assets/Sun_Map.jpg using Guid(06f9efd5a9b750349bf5cb342480c483) Importer(815301076,1909f56bfc062723c751e8b465ee728b)  -> (artifact id: 'f58a6d7c71355efbb4c87faf5b9f7cb8') in 0.167252 seconds
  Import took 0.169410 seconds .

========================================================================
Received Import Request.
  Time since last request: 0.011173 seconds.
  path: Assets/Sun_Map.jpg
  artifactKey: Guid(06f9efd5a9b750349bf5cb342480c483) Importer(815301076,1909f56bfc062723c751e8b465ee728b)
Start importing Assets/Sun_Map.jpg using Guid(06f9efd5a9b750349bf5cb342480c483) Importer(815301076,1909f56bfc062723c751e8b465ee728b)  -> (artifact id: 'f58a6d7c71355efbb4c87faf5b9f7cb8') in 0.009307 seconds
  Import took 0.011991 seconds .

========================================================================
Received Import Request.
  Time since last request: 13.623984 seconds.
  path: Assets/Texture
  artifactKey: Guid(3451e00baa121bb4e89e1660b3cf9ba6) Importer(815301076,1909f56bfc062723c751e8b465ee728b)
Start importing Assets/Texture using Guid(3451e00baa121bb4e89e1660b3cf9ba6) Importer(815301076,1909f56bfc062723c751e8b465ee728b)  -> (artifact id: '2b2b139af9c972633258d765a6c40d92') in 0.006937 seconds
  Import took 0.009987 seconds .

========================================================================
Received Import Request.
  Time since last request: 136.828805 seconds.
  path: Assets/Texture/Materials
  artifactKey: Guid(d37ce4db4bfc76c48bd0a18daedb4e82) Importer(815301076,1909f56bfc062723c751e8b465ee728b)
Start importing Assets/Texture/Materials using Guid(d37ce4db4bfc76c48bd0a18daedb4e82) Importer(815301076,1909f56bfc062723c751e8b465ee728b)  -> (artifact id: '202bffb71dc615d3e660b3f54b3b0dc4') in 0.007204 seconds
  Import took 0.010207 seconds .

========================================================================
Received Import Request.
  Time since last request: 0.069466 seconds.
  path: Assets/Texture/Materials/Sun_Map.mat
  artifactKey: Guid(00e63d6286799bf469c26d7e3f9c51a0) Importer(815301076,1909f56bfc062723c751e8b465ee728b)
Start importing Assets/Texture/Materials/Sun_Map.mat using Guid(00e63d6286799bf469c26d7e3f9c51a0) Importer(815301076,1909f56bfc062723c751e8b465ee728b)  -> (artifact id: '3ebded181cef6fe03e6f032c90877c26') in 0.065788 seconds
  Import took 0.087898 seconds .

========================================================================
Received Import Request.
  Time since last request: 14.074708 seconds.
  path: Assets/Texture/Mercury_Map.jpg
  artifactKey: Guid(616b44ccab043d94d8091b2a6663a2e0) Importer(815301076,1909f56bfc062723c751e8b465ee728b)
Start importing Assets/Texture/Mercury_Map.jpg using Guid(616b44ccab043d94d8091b2a6663a2e0) Importer(815301076,1909f56bfc062723c751e8b465ee728b)  -> (artifact id: '3e1ea7bfe5fa20e382ca1ab27b9c94a4') in 0.011281 seconds
  Import took 0.013502 seconds .

========================================================================
Received Import Request.
  Time since last request: 59.025529 seconds.
  path: Assets/Texture/Venus_Map.jpg
  artifactKey: Guid(17e9d40c356091c46b8983942988beda) Importer(815301076,1909f56bfc062723c751e8b465ee728b)
Start importing Assets/Texture/Venus_Map.jpg using Guid(17e9d40c356091c46b8983942988beda) Importer(815301076,1909f56bfc062723c751e8b465ee728b)  -> (artifact id: '3d3512ff19f2d9993de6f57994bd5de0') in 0.016662 seconds
  Import took 0.019160 seconds .

========================================================================
Received Import Request.
  Time since last request: 0.001021 seconds.
  path: Assets/Texture/Venus_Map.jpg
  artifactKey: Guid(17e9d40c356091c46b8983942988beda) Importer(815301076,1909f56bfc062723c751e8b465ee728b)
Start importing Assets/Texture/Venus_Map.jpg using Guid(17e9d40c356091c46b8983942988beda) Importer(815301076,1909f56bfc062723c751e8b465ee728b)  -> (artifact id: '3d3512ff19f2d9993de6f57994bd5de0') in 0.011430 seconds
  Import took 0.014476 seconds .

========================================================================
Received Import Request.
  Time since last request: 61.621663 seconds.
  path: Assets/Texture/Earth_Map.jpeg
  artifactKey: Guid(0126db0466b67bd40b3fdfb4da16a262) Importer(815301076,1909f56bfc062723c751e8b465ee728b)
Start importing Assets/Texture/Earth_Map.jpeg using Guid(0126db0466b67bd40b3fdfb4da16a262) Importer(815301076,1909f56bfc062723c751e8b465ee728b)  -> (artifact id: '9ec92e9c254ef88078c7b5098abb89d3') in 0.009755 seconds
  Import took 0.019382 seconds .

========================================================================
Received Import Request.
  Time since last request: 149.358338 seconds.
  path: Assets/Texture/Mars_Map.jpg
  artifactKey: Guid(1160f88375d57154ba64dc16a71ff5b7) Importer(815301076,1909f56bfc062723c751e8b465ee728b)
Start importing Assets/Texture/Mars_Map.jpg using Guid(1160f88375d57154ba64dc16a71ff5b7) Importer(815301076,1909f56bfc062723c751e8b465ee728b)  -> (artifact id: 'cfa893a4dc9636cd8afa2ef7c0c3bb50') in 0.017340 seconds
  Import took 0.019754 seconds .

========================================================================
Received Import Request.
  Time since last request: 0.000464 seconds.
  path: Assets/Texture/Mars_Map.jpg
  artifactKey: Guid(1160f88375d57154ba64dc16a71ff5b7) Importer(815301076,1909f56bfc062723c751e8b465ee728b)
Start importing Assets/Texture/Mars_Map.jpg using Guid(1160f88375d57154ba64dc16a71ff5b7) Importer(815301076,1909f56bfc062723c751e8b465ee728b)  -> (artifact id: 'cfa893a4dc9636cd8afa2ef7c0c3bb50') in 0.011749 seconds
  Import took 0.013863 seconds .

========================================================================
Received Import Request.
  Time since last request: 344.496188 seconds.
  path: Assets/Texture/Moon_Map.jpg
  artifactKey: Guid(5b4516030de093845900de375f6aa5d5) Importer(815301076,1909f56bfc062723c751e8b465ee728b)
Start importing Assets/Texture/Moon_Map.jpg using Guid(5b4516030de093845900de375f6aa5d5) Importer(815301076,1909f56bfc062723c751e8b465ee728b)  -> (artifact id: 'd20430c45ed25efca4c7ab805e1d4c28') in 0.018716 seconds
  Import took 0.021175 seconds .

========================================================================
Received Import Request.
  Time since last request: 122.765841 seconds.
  path: Assets/Texture/Materials/Earth_Map.mat
  artifactKey: Guid(66021316858a1994992512dff0f41343) Importer(815301076,1909f56bfc062723c751e8b465ee728b)
Start importing Assets/Texture/Materials/Earth_Map.mat using Guid(66021316858a1994992512dff0f41343) Importer(815301076,1909f56bfc062723c751e8b465ee728b)  -> (artifact id: '88122d4017f709c11028c09ad7d22ffa') in 0.012052 seconds
  Import took 0.078041 seconds .

========================================================================
Received Import Request.
  Time since last request: 0.000277 seconds.
  path: Assets/Texture/Materials/Venus_Map.mat
  artifactKey: Guid(0e204fd61e346de439269ad3defeb189) Importer(815301076,1909f56bfc062723c751e8b465ee728b)
Start importing Assets/Texture/Materials/Venus_Map.mat using Guid(0e204fd61e346de439269ad3defeb189) Importer(815301076,1909f56bfc062723c751e8b465ee728b)  -> (artifact id: '688e67ab99bbce593f4646f955fda178') in 0.012731 seconds
  Import took 0.074424 seconds .

========================================================================
Received Import Request.
  Time since last request: 0.000232 seconds.
  path: Assets/Texture/Materials/Mars_Map.mat
  artifactKey: Guid(7c0d2b0a055f0514fb3949a0795d812d) Importer(815301076,1909f56bfc062723c751e8b465ee728b)
Start importing Assets/Texture/Materials/Mars_Map.mat using Guid(7c0d2b0a055f0514fb3949a0795d812d) Importer(815301076,1909f56bfc062723c751e8b465ee728b)  -> (artifact id: '2c2a4e9065b3532243a84f80bac31271') in 0.010343 seconds
  Import took 0.013231 seconds .

========================================================================
Received Import Request.
  Time since last request: 0.000165 seconds.
  path: Assets/Texture/Materials/Moon_Map.mat
  artifactKey: Guid(8040315a5d4de0743b3c9ea2d5dddef7) Importer(815301076,1909f56bfc062723c751e8b465ee728b)
Start importing Assets/Texture/Materials/Moon_Map.mat using Guid(8040315a5d4de0743b3c9ea2d5dddef7) Importer(815301076,1909f56bfc062723c751e8b465ee728b)  -> (artifact id: '6d19942098a6166a4e54af9e4908fc42') in 0.013772 seconds
  Import took 0.016953 seconds .

========================================================================
Received Import Request.
  Time since last request: 0.000174 seconds.
  path: Assets/Texture/Materials/Mercury_Map.mat
  artifactKey: Guid(0bddc53995d61e7479eb8dfb02431950) Importer(815301076,1909f56bfc062723c751e8b465ee728b)
Start importing Assets/Texture/Materials/Mercury_Map.mat using Guid(0bddc53995d61e7479eb8dfb02431950) Importer(815301076,1909f56bfc062723c751e8b465ee728b)  -> (artifact id: '1e4bfd7545506e6ca08d9dae429c1a57') in 0.013290 seconds
  Import took 0.016102 seconds .

========================================================================
Received Import Request.
  Time since last request: 274.055544 seconds.
  path: Assets/Scripts
  artifactKey: Guid(66b519c2dac02bd41a3168fdcbf5f3d6) Importer(815301076,1909f56bfc062723c751e8b465ee728b)
Start importing Assets/Scripts using Guid(66b519c2dac02bd41a3168fdcbf5f3d6) Importer(815301076,1909f56bfc062723c751e8b465ee728b)  -> (artifact id: '8a4fddde1251d5e99b1023917faad2c2') in 0.005941 seconds
  Import took 0.009453 seconds .

========================================================================
Received Import Request.
  Time since last request: 14.484177 seconds.
  path: Assets/Scripts/Rotation.cs
  artifactKey: Guid(8556c62736fc6c94fb06f7de97c633e5) Importer(815301076,1909f56bfc062723c751e8b465ee728b)
Start importing Assets/Scripts/Rotation.cs using Guid(8556c62736fc6c94fb06f7de97c633e5) Importer(815301076,1909f56bfc062723c751e8b465ee728b)  -> (artifact id: '296a094ff0acbd4397f2aed9dfd06a79') in 0.085683 seconds
  Import took 0.087892 seconds .

========================================================================
Received Import Request.
  Time since last request: 0.008835 seconds.
  path: Assets/Scripts/Rotation.cs
  artifactKey: Guid(8556c62736fc6c94fb06f7de97c633e5) Importer(815301076,1909f56bfc062723c751e8b465ee728b)
Start importing Assets/Scripts/Rotation.cs using Guid(8556c62736fc6c94fb06f7de97c633e5) Importer(815301076,1909f56bfc062723c751e8b465ee728b)  -> (artifact id: '296a094ff0acbd4397f2aed9dfd06a79') in 0.001834 seconds
  Import took 0.004571 seconds .

========================================================================
Received Prepare
Registering precompiled user dll's ...
Registered in 0.003248 seconds.
Begin MonoManager ReloadAssembly
Native extension for WindowsStandalone target not found
Refreshing native plugins compatible for Editor in 0.25 ms, found 2 plugins.
Preloading 0 native plugins for Editor in 0.00 ms.
Mono: successfully reloaded assembly
- Completed reload, in  0.777 seconds
Platform modules already initialized, skipping
Refreshing native plugins compatible for Editor in 0.26 ms, found 2 plugins.
Preloading 0 native plugins for Editor in 0.00 ms.
Unloading 1382 Unused Serialized files (Serialized files now loaded: 0)
System memory in use before: 68.0 MB.
System memory in use after: 68.0 MB.

Unloading 14 unused Assets to reduce memory usage. Loaded Objects now: 1865.
Total: 1.409400 ms (FindLiveObjects: 0.122300 ms CreateObjectMapping: 0.040100 ms MarkObjects: 1.209000 ms  DeleteObjects: 0.037300 ms)

========================================================================
Received Prepare
Registering precompiled user dll's ...
Registered in 0.003204 seconds.
Begin MonoManager ReloadAssembly
Native extension for WindowsStandalone target not found
Refreshing native plugins compatible for Editor in 0.26 ms, found 2 plugins.
Preloading 0 native plugins for Editor in 0.00 ms.
Mono: successfully reloaded assembly
- Completed reload, in  0.787 seconds
Platform modules already initialized, skipping
Refreshing native plugins compatible for Editor in 0.27 ms, found 2 plugins.
Preloading 0 native plugins for Editor in 0.00 ms.
Unloading 1382 Unused Serialized files (Serialized files now loaded: 0)
System memory in use before: 68.0 MB.
System memory in use after: 68.1 MB.

Unloading 14 unused Assets to reduce memory usage. Loaded Objects now: 1868.
Total: 1.508500 ms (FindLiveObjects: 0.179800 ms CreateObjectMapping: 0.051100 ms MarkObjects: 1.235400 ms  DeleteObjects: 0.041500 ms)

========================================================================
Received Import Request.
  Time since last request: 347.574387 seconds.
  path: Assets/Scripts/Rotation.cs
  artifactKey: Guid(8556c62736fc6c94fb06f7de97c633e5) Importer(815301076,1909f56bfc062723c751e8b465ee728b)
Start importing Assets/Scripts/Rotation.cs using Guid(8556c62736fc6c94fb06f7de97c633e5) Importer(815301076,1909f56bfc062723c751e8b465ee728b)  -> (artifact id: '599cfc8e591c55aaab3034ca93f38fc7') in 0.002910 seconds
  Import took 0.005317 seconds .

========================================================================
Received Prepare
Registering precompiled user dll's ...
Registered in 0.002615 seconds.
Begin MonoManager ReloadAssembly
Native extension for WindowsStandalone target not found
Refreshing native plugins compatible for Editor in 0.25 ms, found 2 plugins.
Preloading 0 native plugins for Editor in 0.00 ms.
Mono: successfully reloaded assembly
- Completed reload, in  0.783 seconds
Platform modules already initialized, skipping
Refreshing native plugins compatible for Editor in 0.26 ms, found 2 plugins.
Preloading 0 native plugins for Editor in 0.00 ms.
Unloading 1382 Unused Serialized files (Serialized files now loaded: 0)
System memory in use before: 68.0 MB.
System memory in use after: 68.1 MB.

Unloading 14 unused Assets to reduce memory usage. Loaded Objects now: 1871.
Total: 1.460700 ms (FindLiveObjects: 0.129000 ms CreateObjectMapping: 0.039300 ms MarkObjects: 1.252400 ms  DeleteObjects: 0.039200 ms)

========================================================================
Received Prepare
Registering precompiled user dll's ...
Registered in 0.004344 seconds.
Begin MonoManager ReloadAssembly
Native extension for WindowsStandalone target not found
Refreshing native plugins compatible for Editor in 0.28 ms, found 2 plugins.
Preloading 0 native plugins for Editor in 0.00 ms.
Mono: successfully reloaded assembly
- Completed reload, in  0.866 seconds
Platform modules already initialized, skipping
Refreshing native plugins compatible for Editor in 0.38 ms, found 2 plugins.
Preloading 0 native plugins for Editor in 0.00 ms.
Unloading 1382 Unused Serialized files (Serialized files now loaded: 0)
System memory in use before: 68.0 MB.
System memory in use after: 68.1 MB.

Unloading 14 unused Assets to reduce memory usage. Loaded Objects now: 1874.
Total: 1.930700 ms (FindLiveObjects: 0.164800 ms CreateObjectMapping: 0.053500 ms MarkObjects: 1.666300 ms  DeleteObjects: 0.044500 ms)

========================================================================
Received Prepare
Registering precompiled user dll's ...
Registered in 0.002626 seconds.
Begin MonoManager ReloadAssembly
Native extension for WindowsStandalone target not found
Refreshing native plugins compatible for Editor in 0.26 ms, found 2 plugins.
Preloading 0 native plugins for Editor in 0.00 ms.
Mono: successfully reloaded assembly
- Completed reload, in  0.767 seconds
Platform modules already initialized, skipping
Refreshing native plugins compatible for Editor in 0.26 ms, found 2 plugins.
Preloading 0 native plugins for Editor in 0.00 ms.
Unloading 1382 Unused Serialized files (Serialized files now loaded: 0)
System memory in use before: 68.0 MB.
System memory in use after: 68.1 MB.

Unloading 14 unused Assets to reduce memory usage. Loaded Objects now: 1877.
Total: 1.529300 ms (FindLiveObjects: 0.120300 ms CreateObjectMapping: 0.038800 ms MarkObjects: 1.291200 ms  DeleteObjects: 0.078500 ms)

========================================================================
Received Prepare
Registering precompiled user dll's ...
Registered in 0.002622 seconds.
Begin MonoManager ReloadAssembly
Native extension for WindowsStandalone target not found
Refreshing native plugins compatible for Editor in 0.26 ms, found 2 plugins.
Preloading 0 native plugins for Editor in 0.00 ms.
Mono: successfully reloaded assembly
- Completed reload, in  0.750 seconds
Platform modules already initialized, skipping
Refreshing native plugins compatible for Editor in 0.25 ms, found 2 plugins.
Preloading 0 native plugins for Editor in 0.00 ms.
Unloading 1382 Unused Serialized files (Serialized files now loaded: 0)
System memory in use before: 68.0 MB.
System memory in use after: 68.1 MB.

Unloading 14 unused Assets to reduce memory usage. Loaded Objects now: 1880.
Total: 1.680000 ms (FindLiveObjects: 0.155900 ms CreateObjectMapping: 0.044400 ms MarkObjects: 1.438900 ms  DeleteObjects: 0.040000 ms)

========================================================================
Received Prepare
Registering precompiled user dll's ...
Registered in 0.003469 seconds.
Begin MonoManager ReloadAssembly
Native extension for WindowsStandalone target not found
Refreshing native plugins compatible for Editor in 0.27 ms, found 2 plugins.
Preloading 0 native plugins for Editor in 0.00 ms.
Mono: successfully reloaded assembly
- Completed reload, in  0.765 seconds
Platform modules already initialized, skipping
Refreshing native plugins compatible for Editor in 0.43 ms, found 2 plugins.
Preloading 0 native plugins for Editor in 0.00 ms.
Unloading 1382 Unused Serialized files (Serialized files now loaded: 0)
System memory in use before: 68.0 MB.
System memory in use after: 68.1 MB.

Unloading 14 unused Assets to reduce memory usage. Loaded Objects now: 1883.
Total: 1.496700 ms (FindLiveObjects: 0.130200 ms CreateObjectMapping: 0.043100 ms MarkObjects: 1.280800 ms  DeleteObjects: 0.041900 ms)

========================================================================
Received Import Request.
  Time since last request: 1678.493924 seconds.
  path: Assets/Texture/Materials/Sun_Map.mat
  artifactKey: Guid(00e63d6286799bf469c26d7e3f9c51a0) Importer(815301076,1909f56bfc062723c751e8b465ee728b)
Start importing Assets/Texture/Materials/Sun_Map.mat using Guid(00e63d6286799bf469c26d7e3f9c51a0) Importer(815301076,1909f56bfc062723c751e8b465ee728b)  -> (artifact id: '345eddf690c15e94751142c8e2c8da7a') in 0.058382 seconds
  Import took 0.065315 seconds .

========================================================================
Received Import Request.
  Time since last request: 6.222414 seconds.
  path: Assets/Texture/Materials/New Material.mat
  artifactKey: Guid(10de7836c0c205244923adbbd5c3d1ed) Importer(815301076,1909f56bfc062723c751e8b465ee728b)
Start importing Assets/Texture/Materials/New Material.mat using Guid(10de7836c0c205244923adbbd5c3d1ed) Importer(815301076,1909f56bfc062723c751e8b465ee728b)  -> (artifact id: '9719295e168c35a80cd8566316b85481') in 0.012155 seconds
  Import took 0.014711 seconds .

========================================================================
Received Import Request.
  Time since last request: 37.613091 seconds.
  path: Assets/Texture/Materials/Space.mat
  artifactKey: Guid(10de7836c0c205244923adbbd5c3d1ed) Importer(815301076,1909f56bfc062723c751e8b465ee728b)
Start importing Assets/Texture/Materials/Space.mat using Guid(10de7836c0c205244923adbbd5c3d1ed) Importer(815301076,1909f56bfc062723c751e8b465ee728b)  -> (artifact id: 'daa6d935c3c7649eee5838891e990e9f') in 0.016234 seconds
  Import took 0.021400 seconds .

========================================================================
Received Import Request.
  Time since last request: 172.438003 seconds.
  path: Assets/Texture/Space1.jpg
  artifactKey: Guid(16d0ac3fe8443f74e8f47ad6273a3471) Importer(815301076,1909f56bfc062723c751e8b465ee728b)
Start importing Assets/Texture/Space1.jpg using Guid(16d0ac3fe8443f74e8f47ad6273a3471) Importer(815301076,1909f56bfc062723c751e8b465ee728b)  -> (artifact id: 'd4375391fef9693d5b68f5abb266a6d1') in 0.013163 seconds
  Import took 0.023894 seconds .

========================================================================
Received Import Request.
  Time since last request: 0.000167 seconds.
  path: Assets/Texture/Space2.jpg
  artifactKey: Guid(6ecab1f208e21554f906ad71426d9f3f) Importer(815301076,1909f56bfc062723c751e8b465ee728b)
Start importing Assets/Texture/Space2.jpg using Guid(6ecab1f208e21554f906ad71426d9f3f) Importer(815301076,1909f56bfc062723c751e8b465ee728b)  -> (artifact id: 'dc365753947274d35140614d206b40db') in 0.007912 seconds
  Import took 0.010235 seconds .

========================================================================
Received Import Request.
  Time since last request: 0.000271 seconds.
  path: Assets/Texture/Space3.jpg
  artifactKey: Guid(bc779144f75de6c46bd39ea8ccb9e900) Importer(815301076,1909f56bfc062723c751e8b465ee728b)
Start importing Assets/Texture/Space3.jpg using Guid(bc779144f75de6c46bd39ea8ccb9e900) Importer(815301076,1909f56bfc062723c751e8b465ee728b)  -> (artifact id: '625af3b31724a97e33560a600a67dd44') in 0.008091 seconds
  Import took 0.018622 seconds .

========================================================================
Received Prepare
Registering precompiled user dll's ...
Registered in 0.002574 seconds.
Begin MonoManager ReloadAssembly
Native extension for WindowsStandalone target not found
Refreshing native plugins compatible for Editor in 0.25 ms, found 2 plugins.
Preloading 0 native plugins for Editor in 0.00 ms.
Mono: successfully reloaded assembly
- Completed reload, in  0.765 seconds
Platform modules already initialized, skipping
Refreshing native plugins compatible for Editor in 0.26 ms, found 2 plugins.
Preloading 0 native plugins for Editor in 0.00 ms.
Unloading 1382 Unused Serialized files (Serialized files now loaded: 0)
System memory in use before: 68.3 MB.
System memory in use after: 68.4 MB.

Unloading 14 unused Assets to reduce memory usage. Loaded Objects now: 1889.
Total: 1.565600 ms (FindLiveObjects: 0.134600 ms CreateObjectMapping: 0.049100 ms MarkObjects: 1.339100 ms  DeleteObjects: 0.042100 ms)

========================================================================
Received Prepare
Registering precompiled user dll's ...
Registered in 0.002992 seconds.
Begin MonoManager ReloadAssembly
Native extension for WindowsStandalone target not found
Refreshing native plugins compatible for Editor in 0.26 ms, found 2 plugins.
Preloading 0 native plugins for Editor in 0.00 ms.
Mono: successfully reloaded assembly
- Completed reload, in  0.766 seconds
Platform modules already initialized, skipping
Refreshing native plugins compatible for Editor in 0.25 ms, found 2 plugins.
Preloading 0 native plugins for Editor in 0.00 ms.
Unloading 1382 Unused Serialized files (Serialized files now loaded: 0)
System memory in use before: 68.4 MB.
System memory in use after: 68.4 MB.

Unloading 14 unused Assets to reduce memory usage. Loaded Objects now: 1892.
Total: 1.510200 ms (FindLiveObjects: 0.131100 ms CreateObjectMapping: 0.039300 ms MarkObjects: 1.297400 ms  DeleteObjects: 0.041500 ms)

========================================================================
Received Import Request.
  Time since last request: 1532.255892 seconds.
  path: Assets/Scenes
  artifactKey: Guid(0c281e5e03125f840a16012f53cc97a0) Importer(815301076,1909f56bfc062723c751e8b465ee728b)
Start importing Assets/Scenes using Guid(0c281e5e03125f840a16012f53cc97a0) Importer(815301076,1909f56bfc062723c751e8b465ee728b)  -> (artifact id: '3bcdf213ec580c6e657b2c47caba418a') in 0.008080 seconds
  Import took 0.032280 seconds .

========================================================================
Received Import Request.
  Time since last request: 1.242838 seconds.
  path: Assets/Texture/Materials/Space.mat
  artifactKey: Guid(10de7836c0c205244923adbbd5c3d1ed) Importer(815301076,1909f56bfc062723c751e8b465ee728b)
Start importing Assets/Texture/Materials/Space.mat using Guid(10de7836c0c205244923adbbd5c3d1ed) Importer(815301076,1909f56bfc062723c751e8b465ee728b)  -> (artifact id: 'b5e855c796b3ff5f852ef40cd55fbb47') in 0.052030 seconds
  Import took 0.380102 seconds .

========================================================================
Received Prepare
Registering precompiled user dll's ...
Registered in 0.002647 seconds.
Begin MonoManager ReloadAssembly
Native extension for WindowsStandalone target not found
Refreshing native plugins compatible for Editor in 0.26 ms, found 2 plugins.
Preloading 0 native plugins for Editor in 0.00 ms.
Mono: successfully reloaded assembly
- Completed reload, in  0.767 seconds
Platform modules already initialized, skipping
Refreshing native plugins compatible for Editor in 0.26 ms, found 2 plugins.
Preloading 0 native plugins for Editor in 0.00 ms.
Unloading 1382 Unused Serialized files (Serialized files now loaded: 0)
System memory in use before: 68.4 MB.
System memory in use after: 68.5 MB.

Unloading 14 unused Assets to reduce memory usage. Loaded Objects now: 1896.
Total: 1.602200 ms (FindLiveObjects: 0.137900 ms CreateObjectMapping: 0.040000 ms MarkObjects: 1.374400 ms  DeleteObjects: 0.048900 ms)

========================================================================
Received Import Request.
  Time since last request: 1791.072310 seconds.
  path: Assets/Scripts/LookAt.cs
  artifactKey: Guid(b632af8e080963a49a4d3d6e67ea317b) Importer(815301076,1909f56bfc062723c751e8b465ee728b)
Start importing Assets/Scripts/LookAt.cs using Guid(b632af8e080963a49a4d3d6e67ea317b) Importer(815301076,1909f56bfc062723c751e8b465ee728b)  -> (artifact id: '8c1296cd176eb0769b12da6c337fbee0') in 0.007972 seconds
  Import took 0.034481 seconds .

========================================================================
Received Prepare
Registering precompiled user dll's ...
Registered in 0.002813 seconds.
Begin MonoManager ReloadAssembly
Native extension for WindowsStandalone target not found
Refreshing native plugins compatible for Editor in 0.24 ms, found 2 plugins.
Preloading 0 native plugins for Editor in 0.00 ms.
Mono: successfully reloaded assembly
- Completed reload, in  0.785 seconds
Platform modules already initialized, skipping
Refreshing native plugins compatible for Editor in 0.25 ms, found 2 plugins.
Preloading 0 native plugins for Editor in 0.00 ms.
Unloading 1383 Unused Serialized files (Serialized files now loaded: 0)
System memory in use before: 68.4 MB.
System memory in use after: 68.5 MB.

Unloading 14 unused Assets to reduce memory usage. Loaded Objects now: 1900.
Total: 1.513500 ms (FindLiveObjects: 0.132800 ms CreateObjectMapping: 0.039700 ms MarkObjects: 1.247400 ms  DeleteObjects: 0.092700 ms)

========================================================================
Received Prepare
Registering precompiled user dll's ...
Registered in 0.002831 seconds.
Begin MonoManager ReloadAssembly
Native extension for WindowsStandalone target not found
Refreshing native plugins compatible for Editor in 0.32 ms, found 2 plugins.
Preloading 0 native plugins for Editor in 0.00 ms.
Mono: successfully reloaded assembly
- Completed reload, in  0.846 seconds
Platform modules already initialized, skipping
Refreshing native plugins compatible for Editor in 0.29 ms, found 2 plugins.
Preloading 0 native plugins for Editor in 0.00 ms.
Unloading 1383 Unused Serialized files (Serialized files now loaded: 0)
System memory in use before: 68.4 MB.
System memory in use after: 68.5 MB.

Unloading 14 unused Assets to reduce memory usage. Loaded Objects now: 1903.
Total: 1.506700 ms (FindLiveObjects: 0.128000 ms CreateObjectMapping: 0.044000 ms MarkObjects: 1.291100 ms  DeleteObjects: 0.043000 ms)

========================================================================
Received Import Request.
  Time since last request: 124.749741 seconds.
  path: Assets/Scripts/LookAt.cs
  artifactKey: Guid(b632af8e080963a49a4d3d6e67ea317b) Importer(815301076,1909f56bfc062723c751e8b465ee728b)
Start importing Assets/Scripts/LookAt.cs using Guid(b632af8e080963a49a4d3d6e67ea317b) Importer(815301076,1909f56bfc062723c751e8b465ee728b)  -> (artifact id: 'b3932be92bf315c14a8c95f7b052587e') in 0.002961 seconds
  Import took 0.341285 seconds .

========================================================================
Received Import Request.
  Time since last request: 136.386492 seconds.
  path: Assets/Scripts/ChangeLook.cs
  artifactKey: Guid(5f8a4df33f099b447a041241d93ed975) Importer(815301076,1909f56bfc062723c751e8b465ee728b)
Start importing Assets/Scripts/ChangeLook.cs using Guid(5f8a4df33f099b447a041241d93ed975) Importer(815301076,1909f56bfc062723c751e8b465ee728b)  -> (artifact id: '4007011fa4509e6c17b482248281d289') in 0.005603 seconds
  Import took 0.020992 seconds .

========================================================================
Received Prepare
Registering precompiled user dll's ...
Registered in 0.002456 seconds.
Begin MonoManager ReloadAssembly
Native extension for WindowsStandalone target not found
Refreshing native plugins compatible for Editor in 0.25 ms, found 2 plugins.
Preloading 0 native plugins for Editor in 0.00 ms.
Mono: successfully reloaded assembly
- Completed reload, in  0.781 seconds
Platform modules already initialized, skipping
Refreshing native plugins compatible for Editor in 0.26 ms, found 2 plugins.
Preloading 0 native plugins for Editor in 0.00 ms.
Unloading 1384 Unused Serialized files (Serialized files now loaded: 0)
System memory in use before: 68.4 MB.
System memory in use after: 68.5 MB.

Unloading 14 unused Assets to reduce memory usage. Loaded Objects now: 1907.
Total: 1.504100 ms (FindLiveObjects: 0.146500 ms CreateObjectMapping: 0.051500 ms MarkObjects: 1.264100 ms  DeleteObjects: 0.041200 ms)

========================================================================
Received Prepare
Registering precompiled user dll's ...
Registered in 0.002635 seconds.
Begin MonoManager ReloadAssembly
Native extension for WindowsStandalone target not found
Refreshing native plugins compatible for Editor in 0.26 ms, found 2 plugins.
Preloading 0 native plugins for Editor in 0.00 ms.
Mono: successfully reloaded assembly
- Completed reload, in  0.763 seconds
Platform modules already initialized, skipping
Refreshing native plugins compatible for Editor in 0.25 ms, found 2 plugins.
Preloading 0 native plugins for Editor in 0.00 ms.
Unloading 1384 Unused Serialized files (Serialized files now loaded: 0)
System memory in use before: 68.4 MB.
System memory in use after: 68.5 MB.

Unloading 14 unused Assets to reduce memory usage. Loaded Objects now: 1910.
Total: 1.544600 ms (FindLiveObjects: 0.142900 ms CreateObjectMapping: 0.049200 ms MarkObjects: 1.311700 ms  DeleteObjects: 0.040000 ms)

========================================================================
Received Import Request.
  Time since last request: 325.311508 seconds.
  path: Assets/Scripts/ChangeLook.cs
  artifactKey: Guid(5f8a4df33f099b447a041241d93ed975) Importer(815301076,1909f56bfc062723c751e8b465ee728b)
Start importing Assets/Scripts/ChangeLook.cs using Guid(5f8a4df33f099b447a041241d93ed975) Importer(815301076,1909f56bfc062723c751e8b465ee728b)  -> (artifact id: '9e3de6de6b0400f089924ea1858ce024') in 0.002976 seconds
  Import took 0.004795 seconds .

========================================================================
Received Prepare
Registering precompiled user dll's ...
Registered in 0.002580 seconds.
Begin MonoManager ReloadAssembly
Native extension for WindowsStandalone target not found
Refreshing native plugins compatible for Editor in 0.26 ms, found 2 plugins.
Preloading 0 native plugins for Editor in 0.00 ms.
Mono: successfully reloaded assembly
- Completed reload, in  0.768 seconds
Platform modules already initialized, skipping
Refreshing native plugins compatible for Editor in 0.26 ms, found 2 plugins.
Preloading 0 native plugins for Editor in 0.00 ms.
Unloading 1384 Unused Serialized files (Serialized files now loaded: 0)
System memory in use before: 68.4 MB.
System memory in use after: 68.5 MB.

Unloading 14 unused Assets to reduce memory usage. Loaded Objects now: 1913.
Total: 1.474800 ms (FindLiveObjects: 0.149500 ms CreateObjectMapping: 0.041800 ms MarkObjects: 1.241000 ms  DeleteObjects: 0.041400 ms)

========================================================================
Received Prepare
Registering precompiled user dll's ...
Registered in 0.003598 seconds.
Begin MonoManager ReloadAssembly
Native extension for WindowsStandalone target not found
Refreshing native plugins compatible for Editor in 0.27 ms, found 2 plugins.
Preloading 0 native plugins for Editor in 0.00 ms.
Mono: successfully reloaded assembly
- Completed reload, in  0.785 seconds
Platform modules already initialized, skipping
Refreshing native plugins compatible for Editor in 0.26 ms, found 2 plugins.
Preloading 0 native plugins for Editor in 0.00 ms.
Unloading 1384 Unused Serialized files (Serialized files now loaded: 0)
System memory in use before: 68.4 MB.
System memory in use after: 68.5 MB.

Unloading 14 unused Assets to reduce memory usage. Loaded Objects now: 1916.
Total: 1.751000 ms (FindLiveObjects: 0.185300 ms CreateObjectMapping: 0.040900 ms MarkObjects: 1.483600 ms  DeleteObjects: 0.040500 ms)

========================================================================
Received Import Request.
  Time since last request: 277.306412 seconds.
  path: Assets/Scripts/ChangeLook.cs
  artifactKey: Guid(5f8a4df33f099b447a041241d93ed975) Importer(815301076,1909f56bfc062723c751e8b465ee728b)
Start importing Assets/Scripts/ChangeLook.cs using Guid(5f8a4df33f099b447a041241d93ed975) Importer(815301076,1909f56bfc062723c751e8b465ee728b)  -> (artifact id: '2f89da89a5b29401ba33f75f484f030d') in 0.003589 seconds
  Import took 0.021185 seconds .

========================================================================
Received Import Request.
  Time since last request: 1.379430 seconds.
  path: Assets/Scripts/ChangeLook.cs
  artifactKey: Guid(5f8a4df33f099b447a041241d93ed975) Importer(815301076,1909f56bfc062723c751e8b465ee728b)
Start importing Assets/Scripts/ChangeLook.cs using Guid(5f8a4df33f099b447a041241d93ed975) Importer(815301076,1909f56bfc062723c751e8b465ee728b)  -> (artifact id: '2f89da89a5b29401ba33f75f484f030d') in 0.001863 seconds
  Import took 0.003785 seconds .

========================================================================
Received Prepare
Registering precompiled user dll's ...
Registered in 0.003116 seconds.
Begin MonoManager ReloadAssembly
Native extension for WindowsStandalone target not found
Refreshing native plugins compatible for Editor in 0.32 ms, found 2 plugins.
Preloading 0 native plugins for Editor in 0.00 ms.
Mono: successfully reloaded assembly
- Completed reload, in  0.913 seconds
Platform modules already initialized, skipping
Refreshing native plugins compatible for Editor in 0.41 ms, found 2 plugins.
Preloading 0 native plugins for Editor in 0.00 ms.
Unloading 1384 Unused Serialized files (Serialized files now loaded: 0)
System memory in use before: 68.5 MB.
System memory in use after: 68.5 MB.

Unloading 14 unused Assets to reduce memory usage. Loaded Objects now: 1919.
Total: 2.431500 ms (FindLiveObjects: 0.158100 ms CreateObjectMapping: 0.051100 ms MarkObjects: 2.131000 ms  DeleteObjects: 0.089900 ms)

========================================================================
Received Import Request.
  Time since last request: 19.191221 seconds.
  path: Assets/Scripts/ChangeLook.cs
  artifactKey: Guid(5f8a4df33f099b447a041241d93ed975) Importer(815301076,1909f56bfc062723c751e8b465ee728b)
Start importing Assets/Scripts/ChangeLook.cs using Guid(5f8a4df33f099b447a041241d93ed975) Importer(815301076,1909f56bfc062723c751e8b465ee728b)  -> (artifact id: '2d90f1b78c82522cbd888699ee9f71d8') in 0.006916 seconds
  Import took 0.009759 seconds .

========================================================================
Received Prepare
Registering precompiled user dll's ...
Registered in 0.002868 seconds.
Begin MonoManager ReloadAssembly
Native extension for WindowsStandalone target not found
Refreshing native plugins compatible for Editor in 0.26 ms, found 2 plugins.
Preloading 0 native plugins for Editor in 0.00 ms.
Mono: successfully reloaded assembly
- Completed reload, in  0.787 seconds
Platform modules already initialized, skipping
Refreshing native plugins compatible for Editor in 0.26 ms, found 2 plugins.
Preloading 0 native plugins for Editor in 0.00 ms.
Unloading 1384 Unused Serialized files (Serialized files now loaded: 0)
System memory in use before: 68.5 MB.
System memory in use after: 68.5 MB.

Unloading 14 unused Assets to reduce memory usage. Loaded Objects now: 1922.
Total: 1.673200 ms (FindLiveObjects: 0.125700 ms CreateObjectMapping: 0.041000 ms MarkObjects: 1.430800 ms  DeleteObjects: 0.074900 ms)

========================================================================
Received Import Request.
  Time since last request: 72.744373 seconds.
  path: Assets/Scripts/ChangeLook.cs
  artifactKey: Guid(5f8a4df33f099b447a041241d93ed975) Importer(815301076,1909f56bfc062723c751e8b465ee728b)
Start importing Assets/Scripts/ChangeLook.cs using Guid(5f8a4df33f099b447a041241d93ed975) Importer(815301076,1909f56bfc062723c751e8b465ee728b)  -> (artifact id: '77e790ebdb94e36d95cfb25e75cf1f2b') in 0.003377 seconds
  Import took 0.005968 seconds .

========================================================================
Received Import Request.
  Time since last request: 0.972387 seconds.
  path: Assets/Scripts/ChangeLook.cs
  artifactKey: Guid(5f8a4df33f099b447a041241d93ed975) Importer(815301076,1909f56bfc062723c751e8b465ee728b)
Start importing Assets/Scripts/ChangeLook.cs using Guid(5f8a4df33f099b447a041241d93ed975) Importer(815301076,1909f56bfc062723c751e8b465ee728b)  -> (artifact id: '77e790ebdb94e36d95cfb25e75cf1f2b') in 0.001615 seconds
  Import took 0.003912 seconds .

========================================================================
Received Prepare
Registering precompiled user dll's ...
Registered in 0.002580 seconds.
Begin MonoManager ReloadAssembly
Native extension for WindowsStandalone target not found
Refreshing native plugins compatible for Editor in 0.25 ms, found 2 plugins.
Preloading 0 native plugins for Editor in 0.00 ms.
Mono: successfully reloaded assembly
- Completed reload, in  0.755 seconds
Platform modules already initialized, skipping
Refreshing native plugins compatible for Editor in 0.26 ms, found 2 plugins.
Preloading 0 native plugins for Editor in 0.00 ms.
Unloading 1384 Unused Serialized files (Serialized files now loaded: 0)
System memory in use before: 68.5 MB.
System memory in use after: 68.5 MB.

Unloading 14 unused Assets to reduce memory usage. Loaded Objects now: 1925.
Total: 1.664900 ms (FindLiveObjects: 0.132000 ms CreateObjectMapping: 0.037600 ms MarkObjects: 1.453400 ms  DeleteObjects: 0.041200 ms)

========================================================================
Received Prepare
Registering precompiled user dll's ...
Registered in 0.002741 seconds.
Begin MonoManager ReloadAssembly
Native extension for WindowsStandalone target not found
Refreshing native plugins compatible for Editor in 0.28 ms, found 2 plugins.
Preloading 0 native plugins for Editor in 0.00 ms.
Mono: successfully reloaded assembly
- Completed reload, in  2.576 seconds
Platform modules already initialized, skipping
Refreshing native plugins compatible for Editor in 0.25 ms, found 2 plugins.
Preloading 0 native plugins for Editor in 0.00 ms.
Unloading 1384 Unused Serialized files (Serialized files now loaded: 0)
System memory in use before: 68.5 MB.
System memory in use after: 68.5 MB.

Unloading 14 unused Assets to reduce memory usage. Loaded Objects now: 1928.
Total: 1.538300 ms (FindLiveObjects: 0.140700 ms CreateObjectMapping: 0.038900 ms MarkObjects: 1.314800 ms  DeleteObjects: 0.043100 ms)

========================================================================
Received Import Request.
  Time since last request: 1302.274453 seconds.
  path: Assets/Audio
  artifactKey: Guid(631459cc77f97c44b879a5c2e2ba1b74) Importer(815301076,1909f56bfc062723c751e8b465ee728b)
Start importing Assets/Audio using Guid(631459cc77f97c44b879a5c2e2ba1b74) Importer(815301076,1909f56bfc062723c751e8b465ee728b)  -> (artifact id: '6cd95fc253d4bf7db607797116b2e56c') in 0.009130 seconds
  Import took 0.011800 seconds .

========================================================================
Received Import Request.
  Time since last request: 0.045930 seconds.
  path: Assets/Audio/Mercury.mp3
  artifactKey: Guid(4327f90a86d726a449761112cf66337b) Importer(815301076,1909f56bfc062723c751e8b465ee728b)
Start importing Assets/Audio/Mercury.mp3 using Guid(4327f90a86d726a449761112cf66337b) Importer(815301076,1909f56bfc062723c751e8b465ee728b)  -> (artifact id: 'd676e77c17b83989f6109869ae0180d0') in 0.068178 seconds
  Import took 0.086454 seconds .

========================================================================
Received Prepare
Registering precompiled user dll's ...
Registered in 0.002655 seconds.
Begin MonoManager ReloadAssembly
Native extension for WindowsStandalone target not found
Refreshing native plugins compatible for Editor in 0.26 ms, found 2 plugins.
Preloading 0 native plugins for Editor in 0.00 ms.
Mono: successfully reloaded assembly
- Completed reload, in  0.773 seconds
Platform modules already initialized, skipping
Refreshing native plugins compatible for Editor in 0.27 ms, found 2 plugins.
Preloading 0 native plugins for Editor in 0.00 ms.
Unloading 1384 Unused Serialized files (Serialized files now loaded: 0)
System memory in use before: 68.5 MB.
System memory in use after: 68.6 MB.

Unloading 14 unused Assets to reduce memory usage. Loaded Objects now: 1934.
Total: 1.665700 ms (FindLiveObjects: 0.130100 ms CreateObjectMapping: 0.040800 ms MarkObjects: 1.437300 ms  DeleteObjects: 0.056600 ms)

========================================================================
Received Prepare
Registering precompiled user dll's ...
Registered in 0.002691 seconds.
Begin MonoManager ReloadAssembly
Native extension for WindowsStandalone target not found
Refreshing native plugins compatible for Editor in 0.51 ms, found 2 plugins.
Preloading 0 native plugins for Editor in 0.00 ms.
Mono: successfully reloaded assembly
- Completed reload, in  0.751 seconds
Platform modules already initialized, skipping
Refreshing native plugins compatible for Editor in 0.26 ms, found 2 plugins.
Preloading 0 native plugins for Editor in 0.00 ms.
Unloading 1384 Unused Serialized files (Serialized files now loaded: 0)
System memory in use before: 68.5 MB.
System memory in use after: 68.6 MB.

Unloading 14 unused Assets to reduce memory usage. Loaded Objects now: 1937.
Total: 1.593600 ms (FindLiveObjects: 0.138600 ms CreateObjectMapping: 0.043200 ms MarkObjects: 1.369400 ms  DeleteObjects: 0.041500 ms)

========================================================================
Received Prepare
Registering precompiled user dll's ...
Registered in 0.002715 seconds.
Begin MonoManager ReloadAssembly
Native extension for WindowsStandalone target not found
Refreshing native plugins compatible for Editor in 0.40 ms, found 2 plugins.
Preloading 0 native plugins for Editor in 0.00 ms.
Mono: successfully reloaded assembly
- Completed reload, in  0.741 seconds
Platform modules already initialized, skipping
Refreshing native plugins compatible for Editor in 0.26 ms, found 2 plugins.
Preloading 0 native plugins for Editor in 0.00 ms.
Unloading 1384 Unused Serialized files (Serialized files now loaded: 0)
System memory in use before: 68.5 MB.
System memory in use after: 68.6 MB.

Unloading 14 unused Assets to reduce memory usage. Loaded Objects now: 1940.
Total: 1.827700 ms (FindLiveObjects: 0.136700 ms CreateObjectMapping: 0.041600 ms MarkObjects: 1.556200 ms  DeleteObjects: 0.092200 ms)

========================================================================
Received Prepare
Registering precompiled user dll's ...
Registered in 0.002467 seconds.
Begin MonoManager ReloadAssembly
Native extension for WindowsStandalone target not found
Refreshing native plugins compatible for Editor in 0.28 ms, found 2 plugins.
Preloading 0 native plugins for Editor in 0.00 ms.
Mono: successfully reloaded assembly
- Completed reload, in  0.795 seconds
Platform modules already initialized, skipping
Refreshing native plugins compatible for Editor in 0.26 ms, found 2 plugins.
Preloading 0 native plugins for Editor in 0.00 ms.
Unloading 1385 Unused Serialized files (Serialized files now loaded: 0)
System memory in use before: 68.6 MB.
System memory in use after: 68.6 MB.

Unloading 14 unused Assets to reduce memory usage. Loaded Objects now: 1944.
Total: 1.590700 ms (FindLiveObjects: 0.130200 ms CreateObjectMapping: 0.064200 ms MarkObjects: 1.321000 ms  DeleteObjects: 0.074600 ms)

========================================================================
Received Import Request.
  Time since last request: 744.386177 seconds.
  path: Assets/Scripts/NewBehaviourScript.cs
  artifactKey: Guid(2fb47a84480a34e45aa610e48f3e7417) Importer(815301076,1909f56bfc062723c751e8b465ee728b)
Start importing Assets/Scripts/NewBehaviourScript.cs using Guid(2fb47a84480a34e45aa610e48f3e7417) Importer(815301076,1909f56bfc062723c751e8b465ee728b)  -> (artifact id: 'f7fa6b89bda8e257c1a9beeff8e7aa37') in 0.015324 seconds
  Import took 0.032633 seconds .

========================================================================
Received Import Request.
  Time since last request: 22.903801 seconds.
  path: Assets/Scripts/PlayVoiceOver.cs
  artifactKey: Guid(2fb47a84480a34e45aa610e48f3e7417) Importer(815301076,1909f56bfc062723c751e8b465ee728b)
Start importing Assets/Scripts/PlayVoiceOver.cs using Guid(2fb47a84480a34e45aa610e48f3e7417) Importer(815301076,1909f56bfc062723c751e8b465ee728b)  -> (artifact id: '9e7b1f402244cf66487a2ad80529f989') in 0.005662 seconds
  Import took 0.007995 seconds .

========================================================================
Received Prepare
Registering precompiled user dll's ...
Registered in 0.002628 seconds.
Begin MonoManager ReloadAssembly
Native extension for WindowsStandalone target not found
Refreshing native plugins compatible for Editor in 0.26 ms, found 2 plugins.
Preloading 0 native plugins for Editor in 0.00 ms.
Mono: successfully reloaded assembly
- Completed reload, in  0.779 seconds
Platform modules already initialized, skipping
Refreshing native plugins compatible for Editor in 0.26 ms, found 2 plugins.
Preloading 0 native plugins for Editor in 0.00 ms.
Unloading 1385 Unused Serialized files (Serialized files now loaded: 0)
System memory in use before: 68.6 MB.
System memory in use after: 68.6 MB.

Unloading 14 unused Assets to reduce memory usage. Loaded Objects now: 1947.
Total: 1.533000 ms (FindLiveObjects: 0.140600 ms CreateObjectMapping: 0.045200 ms MarkObjects: 1.291000 ms  DeleteObjects: 0.055400 ms)

========================================================================
Received Prepare
Registering precompiled user dll's ...
Registered in 0.002794 seconds.
Begin MonoManager ReloadAssembly
Native extension for WindowsStandalone target not found
Refreshing native plugins compatible for Editor in 0.26 ms, found 2 plugins.
Preloading 0 native plugins for Editor in 0.00 ms.
Mono: successfully reloaded assembly
- Completed reload, in  0.758 seconds
Platform modules already initialized, skipping
Refreshing native plugins compatible for Editor in 0.26 ms, found 2 plugins.
Preloading 0 native plugins for Editor in 0.00 ms.
Unloading 1385 Unused Serialized files (Serialized files now loaded: 0)
System memory in use before: 68.6 MB.
System memory in use after: 68.6 MB.

Unloading 14 unused Assets to reduce memory usage. Loaded Objects now: 1950.
Total: 1.508400 ms (FindLiveObjects: 0.130700 ms CreateObjectMapping: 0.044600 ms MarkObjects: 1.293400 ms  DeleteObjects: 0.039000 ms)

========================================================================
Received Import Request.
  Time since last request: 73.515771 seconds.
  path: Assets/Scripts/PlayVoiceOver.cs
  artifactKey: Guid(2fb47a84480a34e45aa610e48f3e7417) Importer(815301076,1909f56bfc062723c751e8b465ee728b)
Start importing Assets/Scripts/PlayVoiceOver.cs using Guid(2fb47a84480a34e45aa610e48f3e7417) Importer(815301076,1909f56bfc062723c751e8b465ee728b)  -> (artifact id: '903b2713ea03a064410a6be5a1cea234') in 0.003023 seconds
  Import took 0.208527 seconds .

========================================================================
Received Prepare
Registering precompiled user dll's ...
Registered in 0.003036 seconds.
Begin MonoManager ReloadAssembly
Native extension for WindowsStandalone target not found
Refreshing native plugins compatible for Editor in 0.36 ms, found 2 plugins.
Preloading 0 native plugins for Editor in 0.00 ms.
Mono: successfully reloaded assembly
- Completed reload, in  0.784 seconds
Platform modules already initialized, skipping
Refreshing native plugins compatible for Editor in 0.28 ms, found 2 plugins.
Preloading 0 native plugins for Editor in 0.00 ms.
Unloading 1385 Unused Serialized files (Serialized files now loaded: 0)
System memory in use before: 68.6 MB.
System memory in use after: 68.7 MB.

Unloading 14 unused Assets to reduce memory usage. Loaded Objects now: 1953.
Total: 1.973100 ms (FindLiveObjects: 0.154400 ms CreateObjectMapping: 0.045900 ms MarkObjects: 1.690700 ms  DeleteObjects: 0.081200 ms)

========================================================================
Received Import Request.
  Time since last request: 89.004298 seconds.
  path: Assets/Scripts/PlayVoiceOver.cs
  artifactKey: Guid(2fb47a84480a34e45aa610e48f3e7417) Importer(815301076,1909f56bfc062723c751e8b465ee728b)
Start importing Assets/Scripts/PlayVoiceOver.cs using Guid(2fb47a84480a34e45aa610e48f3e7417) Importer(815301076,1909f56bfc062723c751e8b465ee728b)  -> (artifact id: '452ba7335359fc39de52dbb4139527ca') in 0.005610 seconds
  Import took 0.085966 seconds .

========================================================================
Received Prepare
Registering precompiled user dll's ...
Registered in 0.002597 seconds.
Begin MonoManager ReloadAssembly
Native extension for WindowsStandalone target not found
Refreshing native plugins compatible for Editor in 0.25 ms, found 2 plugins.
Preloading 0 native plugins for Editor in 0.00 ms.
Mono: successfully reloaded assembly
- Completed reload, in  0.767 seconds
Platform modules already initialized, skipping
Refreshing native plugins compatible for Editor in 0.25 ms, found 2 plugins.
Preloading 0 native plugins for Editor in 0.00 ms.
Unloading 1385 Unused Serialized files (Serialized files now loaded: 0)
System memory in use before: 68.6 MB.
System memory in use after: 68.7 MB.

Unloading 14 unused Assets to reduce memory usage. Loaded Objects now: 1956.
Total: 1.479900 ms (FindLiveObjects: 0.130200 ms CreateObjectMapping: 0.043900 ms MarkObjects: 1.267900 ms  DeleteObjects: 0.037100 ms)

========================================================================
Received Prepare
Registering precompiled user dll's ...
Registered in 0.002612 seconds.
Begin MonoManager ReloadAssembly
Native extension for WindowsStandalone target not found
Refreshing native plugins compatible for Editor in 0.26 ms, found 2 plugins.
Preloading 0 native plugins for Editor in 0.00 ms.
Mono: successfully reloaded assembly
- Completed reload, in  0.779 seconds
Platform modules already initialized, skipping
Refreshing native plugins compatible for Editor in 0.26 ms, found 2 plugins.
Preloading 0 native plugins for Editor in 0.00 ms.
Unloading 1384 Unused Serialized files (Serialized files now loaded: 0)
System memory in use before: 68.6 MB.
System memory in use after: 68.6 MB.

Unloading 15 unused Assets to reduce memory usage. Loaded Objects now: 1958.
Total: 1.482900 ms (FindLiveObjects: 0.135900 ms CreateObjectMapping: 0.040600 ms MarkObjects: 1.263300 ms  DeleteObjects: 0.042300 ms)

========================================================================
Received Prepare
Registering precompiled user dll's ...
Registered in 0.003729 seconds.
Begin MonoManager ReloadAssembly
Native extension for WindowsStandalone target not found
Refreshing native plugins compatible for Editor in 0.35 ms, found 2 plugins.
Preloading 0 native plugins for Editor in 0.00 ms.
Mono: successfully reloaded assembly
- Completed reload, in  0.777 seconds
Platform modules already initialized, skipping
Refreshing native plugins compatible for Editor in 0.26 ms, found 2 plugins.
Preloading 0 native plugins for Editor in 0.00 ms.
Unloading 1384 Unused Serialized files (Serialized files now loaded: 0)
System memory in use before: 68.6 MB.
System memory in use after: 68.6 MB.

Unloading 14 unused Assets to reduce memory usage. Loaded Objects now: 1961.
Total: 1.499600 ms (FindLiveObjects: 0.137700 ms CreateObjectMapping: 0.044500 ms MarkObjects: 1.275000 ms  DeleteObjects: 0.041600 ms)

========================================================================
Received Import Request.
  Time since last request: 993.343631 seconds.
  path: Assets/Audio/Earth.mp3
  artifactKey: Guid(aaf84385e48b22346ba8ba7707f62be0) Importer(815301076,1909f56bfc062723c751e8b465ee728b)
Start importing Assets/Audio/Earth.mp3 using Guid(aaf84385e48b22346ba8ba7707f62be0) Importer(815301076,1909f56bfc062723c751e8b465ee728b)  -> (artifact id: '7d46ad113b7236a62b69b5154fdc215d') in 0.045744 seconds
  Import took 0.063311 seconds .

========================================================================
Received Import Request.
  Time since last request: 0.000245 seconds.
  path: Assets/Audio/Mars.mp3
  artifactKey: Guid(f4c49eeca56022c4895dc13ac12b2f77) Importer(815301076,1909f56bfc062723c751e8b465ee728b)
Start importing Assets/Audio/Mars.mp3 using Guid(f4c49eeca56022c4895dc13ac12b2f77) Importer(815301076,1909f56bfc062723c751e8b465ee728b)  -> (artifact id: '00789fa66be20e6f46446352258775b7') in 0.010520 seconds
  Import took 0.014668 seconds .

========================================================================
Received Import Request.
  Time since last request: 0.000273 seconds.
  path: Assets/Audio/Sun.mp3
  artifactKey: Guid(49478c2537a4da04fabfab959601b8de) Importer(815301076,1909f56bfc062723c751e8b465ee728b)
Start importing Assets/Audio/Sun.mp3 using Guid(49478c2537a4da04fabfab959601b8de) Importer(815301076,1909f56bfc062723c751e8b465ee728b)  -> (artifact id: '04a85c2d210530f3db056002911ee273') in 0.015180 seconds
  Import took 0.017733 seconds .

========================================================================
Received Import Request.
  Time since last request: 0.000166 seconds.
  path: Assets/Audio/Venus.mp3
  artifactKey: Guid(0927d93480098eb40a50764f2aebecbb) Importer(815301076,1909f56bfc062723c751e8b465ee728b)
Start importing Assets/Audio/Venus.mp3 using Guid(0927d93480098eb40a50764f2aebecbb) Importer(815301076,1909f56bfc062723c751e8b465ee728b)  -> (artifact id: '397f9a9ad7ce2f0705f7daf369e5cfb3') in 0.011118 seconds
  Import took 0.013771 seconds .

========================================================================
Received Import Request.
  Time since last request: 0.000243 seconds.
  path: Assets/Audio/Moon.mp3
  artifactKey: Guid(cdeaaeab165aacf4883b0acac9c70ac3) Importer(815301076,1909f56bfc062723c751e8b465ee728b)
Start importing Assets/Audio/Moon.mp3 using Guid(cdeaaeab165aacf4883b0acac9c70ac3) Importer(815301076,1909f56bfc062723c751e8b465ee728b)  -> (artifact id: '2f3b31a91e842e6ddfe4b884b23f478b') in 0.011475 seconds
  Import took 0.013614 seconds .

========================================================================
Received Prepare
Registering precompiled user dll's ...
Registered in 0.002740 seconds.
Begin MonoManager ReloadAssembly
Native extension for WindowsStandalone target not found
Refreshing native plugins compatible for Editor in 0.26 ms, found 2 plugins.
Preloading 0 native plugins for Editor in 0.00 ms.
Mono: successfully reloaded assembly
- Completed reload, in  0.757 seconds
Platform modules already initialized, skipping
Refreshing native plugins compatible for Editor in 0.27 ms, found 2 plugins.
Preloading 0 native plugins for Editor in 0.00 ms.
Unloading 1384 Unused Serialized files (Serialized files now loaded: 0)
System memory in use before: 68.6 MB.
System memory in use after: 68.7 MB.

Unloading 14 unused Assets to reduce memory usage. Loaded Objects now: 1965.
Total: 2.037400 ms (FindLiveObjects: 0.355600 ms CreateObjectMapping: 0.060600 ms MarkObjects: 1.563600 ms  DeleteObjects: 0.056800 ms)

========================================================================
Received Prepare
Registering precompiled user dll's ...
Registered in 0.002587 seconds.
Begin MonoManager ReloadAssembly
Native extension for WindowsStandalone target not found
Refreshing native plugins compatible for Editor in 0.25 ms, found 2 plugins.
Preloading 0 native plugins for Editor in 0.00 ms.
Mono: successfully reloaded assembly
- Completed reload, in  0.770 seconds
Platform modules already initialized, skipping
Refreshing native plugins compatible for Editor in 0.26 ms, found 2 plugins.
Preloading 0 native plugins for Editor in 0.00 ms.
Unloading 1384 Unused Serialized files (Serialized files now loaded: 0)
System memory in use before: 68.6 MB.
System memory in use after: 68.7 MB.

Unloading 14 unused Assets to reduce memory usage. Loaded Objects now: 1968.
Total: 1.525400 ms (FindLiveObjects: 0.145300 ms CreateObjectMapping: 0.037800 ms MarkObjects: 1.299400 ms  DeleteObjects: 0.041900 ms)

========================================================================
Received Import Request.
  Time since last request: 683.653885 seconds.
  path: Assets/Texture/Jupiter_Map.jpg
  artifactKey: Guid(9d38702fdaef5674a93af9debc26512d) Importer(815301076,1909f56bfc062723c751e8b465ee728b)
Start importing Assets/Texture/Jupiter_Map.jpg using Guid(9d38702fdaef5674a93af9debc26512d) Importer(815301076,1909f56bfc062723c751e8b465ee728b)  -> (artifact id: 'c791d8504faeb6985b8f4f03b5334ea5') in 0.028616 seconds
  Import took 0.043750 seconds .

========================================================================
Received Import Request.
  Time since last request: 237.110388 seconds.
  path: Assets/Texture/Saturn_Map.jpg
  artifactKey: Guid(cab7221a7031ddc46a11cc2f49344e4f) Importer(815301076,1909f56bfc062723c751e8b465ee728b)
Start importing Assets/Texture/Saturn_Map.jpg using Guid(cab7221a7031ddc46a11cc2f49344e4f) Importer(815301076,1909f56bfc062723c751e8b465ee728b)  -> (artifact id: 'a29012bf57a263c80576754b4839cd85') in 0.009012 seconds
  Import took 0.036116 seconds .

========================================================================
Received Prepare
Registering precompiled user dll's ...
Registered in 0.002558 seconds.
Begin MonoManager ReloadAssembly
Native extension for WindowsStandalone target not found
Refreshing native plugins compatible for Editor in 0.25 ms, found 2 plugins.
Preloading 0 native plugins for Editor in 0.00 ms.
Mono: successfully reloaded assembly
- Completed reload, in  0.770 seconds
Platform modules already initialized, skipping
Refreshing native plugins compatible for Editor in 0.26 ms, found 2 plugins.
Preloading 0 native plugins for Editor in 0.00 ms.
Unloading 1384 Unused Serialized files (Serialized files now loaded: 0)
System memory in use before: 68.6 MB.
System memory in use after: 68.7 MB.

Unloading 14 unused Assets to reduce memory usage. Loaded Objects now: 1971.
Total: 1.566500 ms (FindLiveObjects: 0.138900 ms CreateObjectMapping: 0.040500 ms MarkObjects: 1.340100 ms  DeleteObjects: 0.046300 ms)

========================================================================
Received Import Request.
  Time since last request: 1993.315302 seconds.
  path: Assets/Texture/Ring_Texture.png
  artifactKey: Guid(ec8dc45f381fc364d8aa684dd1b6124c) Importer(815301076,1909f56bfc062723c751e8b465ee728b)
Start importing Assets/Texture/Ring_Texture.png using Guid(ec8dc45f381fc364d8aa684dd1b6124c) Importer(815301076,1909f56bfc062723c751e8b465ee728b)  -> (artifact id: '22d1bd41d7007520a734384bf3390e74') in 0.033203 seconds
  Import took 0.035625 seconds .

========================================================================
Received Prepare
Registering precompiled user dll's ...
Registered in 0.002476 seconds.
Begin MonoManager ReloadAssembly
Native extension for WindowsStandalone target not found
Refreshing native plugins compatible for Editor in 0.28 ms, found 2 plugins.
Preloading 0 native plugins for Editor in 0.00 ms.
Mono: successfully reloaded assembly
- Completed reload, in  0.762 seconds
Platform modules already initialized, skipping
Refreshing native plugins compatible for Editor in 0.28 ms, found 2 plugins.
Preloading 0 native plugins for Editor in 0.00 ms.
Unloading 1384 Unused Serialized files (Serialized files now loaded: 0)
System memory in use before: 68.6 MB.
System memory in use after: 68.7 MB.

Unloading 14 unused Assets to reduce memory usage. Loaded Objects now: 1975.
Total: 1.630400 ms (FindLiveObjects: 0.158000 ms CreateObjectMapping: 0.048600 ms MarkObjects: 1.373500 ms  DeleteObjects: 0.049400 ms)

========================================================================
Received Import Request.
  Time since last request: 628.983796 seconds.
  path: Assets/Texture/Neptune_Map.jpg
  artifactKey: Guid(4bec0b1a2a281de499a33f3edd797975) Importer(815301076,1909f56bfc062723c751e8b465ee728b)
Start importing Assets/Texture/Neptune_Map.jpg using Guid(4bec0b1a2a281de499a33f3edd797975) Importer(815301076,1909f56bfc062723c751e8b465ee728b)  -> (artifact id: '955d24305012214efa70241219f08cf0') in 0.039155 seconds
  Import took 0.041204 seconds .

========================================================================
Received Import Request.
  Time since last request: 0.000160 seconds.
  path: Assets/Texture/Uranus_Map.jpg
  artifactKey: Guid(4bef576edb3d87f4dbc511829b3f434b) Importer(815301076,1909f56bfc062723c751e8b465ee728b)
Start importing Assets/Texture/Uranus_Map.jpg using Guid(4bef576edb3d87f4dbc511829b3f434b) Importer(815301076,1909f56bfc062723c751e8b465ee728b)  -> (artifact id: 'b56cbce3193e6079a73d11b672c6109d') in 0.010712 seconds
  Import took 0.012832 seconds .

========================================================================
Received Prepare
Registering precompiled user dll's ...
Registered in 0.002388 seconds.
Begin MonoManager ReloadAssembly
Native extension for WindowsStandalone target not found
Refreshing native plugins compatible for Editor in 0.28 ms, found 2 plugins.
Preloading 0 native plugins for Editor in 0.00 ms.
Mono: successfully reloaded assembly
- Completed reload, in  0.775 seconds
Platform modules already initialized, skipping
Refreshing native plugins compatible for Editor in 0.25 ms, found 2 plugins.
Preloading 0 native plugins for Editor in 0.00 ms.
Unloading 1384 Unused Serialized files (Serialized files now loaded: 0)
System memory in use before: 68.6 MB.
System memory in use after: 68.7 MB.

Unloading 14 unused Assets to reduce memory usage. Loaded Objects now: 1978.
Total: 1.834400 ms (FindLiveObjects: 0.181000 ms CreateObjectMapping: 0.042800 ms MarkObjects: 1.529600 ms  DeleteObjects: 0.080300 ms)

========================================================================
Received Import Request.
  Time since last request: 451.676763 seconds.
  path: Assets/Texture/Materials/Jupiter_Map.mat
  artifactKey: Guid(42c425d83f80bd84c9f84205388d5155) Importer(815301076,1909f56bfc062723c751e8b465ee728b)
Start importing Assets/Texture/Materials/Jupiter_Map.mat using Guid(42c425d83f80bd84c9f84205388d5155) Importer(815301076,1909f56bfc062723c751e8b465ee728b)  -> (artifact id: '5afc8972350ab2e94fce7e006427470b') in 0.059062 seconds
  Import took 0.078819 seconds .

========================================================================
Received Import Request.
  Time since last request: 0.000137 seconds.
  path: Assets/Texture/Materials/Uranus_Map.mat
  artifactKey: Guid(6b19d94e3ea10184fad3914da1419010) Importer(815301076,1909f56bfc062723c751e8b465ee728b)
Start importing Assets/Texture/Materials/Uranus_Map.mat using Guid(6b19d94e3ea10184fad3914da1419010) Importer(815301076,1909f56bfc062723c751e8b465ee728b)  -> (artifact id: 'd9f590a086e4af274761683dcc7c5709') in 0.012912 seconds
  Import took 0.015088 seconds .

========================================================================
Received Import Request.
  Time since last request: 0.000191 seconds.
  path: Assets/Texture/Materials/Saturn_Map.mat
  artifactKey: Guid(47f89cf5e3c21df40814dd6c1a69e6df) Importer(815301076,1909f56bfc062723c751e8b465ee728b)
Start importing Assets/Texture/Materials/Saturn_Map.mat using Guid(47f89cf5e3c21df40814dd6c1a69e6df) Importer(815301076,1909f56bfc062723c751e8b465ee728b)  -> (artifact id: '5a4094e40d9f0c08dca4a988fbbd847d') in 0.020245 seconds
  Import took 0.023247 seconds .

========================================================================
Received Import Request.
  Time since last request: 0.000299 seconds.
  path: Assets/Texture/Materials/Neptune_Map.mat
  artifactKey: Guid(2cd03342b8d88554891704728096ca3f) Importer(815301076,1909f56bfc062723c751e8b465ee728b)
Start importing Assets/Texture/Materials/Neptune_Map.mat using Guid(2cd03342b8d88554891704728096ca3f) Importer(815301076,1909f56bfc062723c751e8b465ee728b)  -> (artifact id: 'b4c4cd51e158e692e2d9c3df763086ee') in 0.011770 seconds
  Import took 0.014759 seconds .

========================================================================
Received Prepare
Registering precompiled user dll's ...
Registered in 0.003058 seconds.
Begin MonoManager ReloadAssembly
Native extension for WindowsStandalone target not found
Refreshing native plugins compatible for Editor in 0.27 ms, found 2 plugins.
Preloading 0 native plugins for Editor in 0.00 ms.
Mono: successfully reloaded assembly
- Completed reload, in  0.770 seconds
Platform modules already initialized, skipping
Refreshing native plugins compatible for Editor in 0.26 ms, found 2 plugins.
Preloading 0 native plugins for Editor in 0.00 ms.
Unloading 1384 Unused Serialized files (Serialized files now loaded: 0)
System memory in use before: 68.6 MB.
System memory in use after: 68.7 MB.

Unloading 14 unused Assets to reduce memory usage. Loaded Objects now: 1982.
Total: 1.567800 ms (FindLiveObjects: 0.135600 ms CreateObjectMapping: 0.040400 ms MarkObjects: 1.351000 ms  DeleteObjects: 0.040000 ms)

========================================================================
Received Prepare
Registering precompiled user dll's ...
Registered in 0.003301 seconds.
Begin MonoManager ReloadAssembly
Native extension for WindowsStandalone target not found
Refreshing native plugins compatible for Editor in 0.26 ms, found 2 plugins.
Preloading 0 native plugins for Editor in 0.00 ms.
Mono: successfully reloaded assembly
- Completed reload, in  0.772 seconds
Platform modules already initialized, skipping
Refreshing native plugins compatible for Editor in 0.26 ms, found 2 plugins.
Preloading 0 native plugins for Editor in 0.00 ms.
Unloading 1384 Unused Serialized files (Serialized files now loaded: 0)
System memory in use before: 68.6 MB.
System memory in use after: 68.7 MB.

Unloading 14 unused Assets to reduce memory usage. Loaded Objects now: 1985.
Total: 1.515800 ms (FindLiveObjects: 0.144900 ms CreateObjectMapping: 0.045200 ms MarkObjects: 1.285500 ms  DeleteObjects: 0.039500 ms)

========================================================================
Received Prepare
Registering precompiled user dll's ...
Registered in 0.003119 seconds.
Begin MonoManager ReloadAssembly
Native extension for WindowsStandalone target not found
Refreshing native plugins compatible for Editor in 0.38 ms, found 2 plugins.
Preloading 0 native plugins for Editor in 0.00 ms.
Mono: successfully reloaded assembly
- Completed reload, in  0.768 seconds
Platform modules already initialized, skipping
Refreshing native plugins compatible for Editor in 0.29 ms, found 2 plugins.
Preloading 0 native plugins for Editor in 0.00 ms.
Unloading 1384 Unused Serialized files (Serialized files now loaded: 0)
System memory in use before: 68.6 MB.
System memory in use after: 68.7 MB.

Unloading 14 unused Assets to reduce memory usage. Loaded Objects now: 1988.
Total: 1.630400 ms (FindLiveObjects: 0.131900 ms CreateObjectMapping: 0.042800 ms MarkObjects: 1.412200 ms  DeleteObjects: 0.042800 ms)

========================================================================
Received Import Request.
  Time since last request: 296.559211 seconds.
  path: Assets/Texture/Materials/Saturn_Map.mat
  artifactKey: Guid(47f89cf5e3c21df40814dd6c1a69e6df) Importer(815301076,1909f56bfc062723c751e8b465ee728b)
Start importing Assets/Texture/Materials/Saturn_Map.mat using Guid(47f89cf5e3c21df40814dd6c1a69e6df) Importer(815301076,1909f56bfc062723c751e8b465ee728b)  -> (artifact id: 'd203074cc5d66ab269c99d918988fa52') in 0.114634 seconds
  Import took 0.116571 seconds .

========================================================================
Received Prepare
Registering precompiled user dll's ...
Registered in 0.003413 seconds.
Begin MonoManager ReloadAssembly
Native extension for WindowsStandalone target not found
Refreshing native plugins compatible for Editor in 0.44 ms, found 2 plugins.
Preloading 0 native plugins for Editor in 0.00 ms.
Mono: successfully reloaded assembly
- Completed reload, in  0.959 seconds
Platform modules already initialized, skipping
Refreshing native plugins compatible for Editor in 0.35 ms, found 2 plugins.
Preloading 0 native plugins for Editor in 0.00 ms.
Unloading 1384 Unused Serialized files (Serialized files now loaded: 0)
System memory in use before: 140.1 MB.
System memory in use after: 140.2 MB.

Unloading 14 unused Assets to reduce memory usage. Loaded Objects now: 1993.
Total: 2.167000 ms (FindLiveObjects: 0.173900 ms CreateObjectMapping: 0.049200 ms MarkObjects: 1.894500 ms  DeleteObjects: 0.048100 ms)

========================================================================
Received Prepare
Registering precompiled user dll's ...
Registered in 0.002623 seconds.
Begin MonoManager ReloadAssembly
Native extension for WindowsStandalone target not found
Refreshing native plugins compatible for Editor in 0.28 ms, found 2 plugins.
Preloading 0 native plugins for Editor in 0.00 ms.
Mono: successfully reloaded assembly
- Completed reload, in  0.964 seconds
Platform modules already initialized, skipping
Refreshing native plugins compatible for Editor in 0.26 ms, found 2 plugins.
Preloading 0 native plugins for Editor in 0.00 ms.
Unloading 1384 Unused Serialized files (Serialized files now loaded: 0)
System memory in use before: 140.1 MB.
System memory in use after: 140.2 MB.

Unloading 14 unused Assets to reduce memory usage. Loaded Objects now: 1996.
Total: 1.616300 ms (FindLiveObjects: 0.138000 ms CreateObjectMapping: 0.040900 ms MarkObjects: 1.393700 ms  DeleteObjects: 0.043000 ms)

========================================================================
Received Prepare
Registering precompiled user dll's ...
Registered in 0.003296 seconds.
Begin MonoManager ReloadAssembly
Native extension for WindowsStandalone target not found
Refreshing native plugins compatible for Editor in 0.26 ms, found 2 plugins.
Preloading 0 native plugins for Editor in 0.00 ms.
Mono: successfully reloaded assembly
- Completed reload, in  0.809 seconds
Platform modules already initialized, skipping
Refreshing native plugins compatible for Editor in 0.26 ms, found 2 plugins.
Preloading 0 native plugins for Editor in 0.00 ms.
Unloading 1384 Unused Serialized files (Serialized files now loaded: 0)
System memory in use before: 140.2 MB.
System memory in use after: 140.2 MB.

Unloading 14 unused Assets to reduce memory usage. Loaded Objects now: 1999.
Total: 1.545200 ms (FindLiveObjects: 0.138100 ms CreateObjectMapping: 0.044500 ms MarkObjects: 1.319600 ms  DeleteObjects: 0.041900 ms)

========================================================================
Received Prepare
Registering precompiled user dll's ...
Registered in 0.002913 seconds.
Begin MonoManager ReloadAssembly
Native extension for WindowsStandalone target not found
Refreshing native plugins compatible for Editor in 0.59 ms, found 2 plugins.
Preloading 0 native plugins for Editor in 0.00 ms.
Mono: successfully reloaded assembly
- Completed reload, in  0.882 seconds
Platform modules already initialized, skipping
Refreshing native plugins compatible for Editor in 0.26 ms, found 2 plugins.
Preloading 0 native plugins for Editor in 0.00 ms.
Unloading 1384 Unused Serialized files (Serialized files now loaded: 0)
System memory in use before: 140.2 MB.
System memory in use after: 140.2 MB.

Unloading 14 unused Assets to reduce memory usage. Loaded Objects now: 2002.
Total: 2.323100 ms (FindLiveObjects: 0.209200 ms CreateObjectMapping: 0.068500 ms MarkObjects: 1.953200 ms  DeleteObjects: 0.090500 ms)

========================================================================
Received Prepare
Registering precompiled user dll's ...
Registered in 0.002587 seconds.
Begin MonoManager ReloadAssembly
Native extension for WindowsStandalone target not found
Refreshing native plugins compatible for Editor in 0.30 ms, found 2 plugins.
Preloading 0 native plugins for Editor in 0.00 ms.
Mono: successfully reloaded assembly
- Completed reload, in  0.828 seconds
Platform modules already initialized, skipping
Refreshing native plugins compatible for Editor in 0.26 ms, found 2 plugins.
Preloading 0 native plugins for Editor in 0.00 ms.
Unloading 1384 Unused Serialized files (Serialized files now loaded: 0)
System memory in use before: 140.2 MB.
System memory in use after: 140.2 MB.

Unloading 14 unused Assets to reduce memory usage. Loaded Objects now: 2005.
Total: 1.893900 ms (FindLiveObjects: 0.193900 ms CreateObjectMapping: 0.044600 ms MarkObjects: 1.612500 ms  DeleteObjects: 0.042100 ms)

========================================================================
Received Prepare
Registering precompiled user dll's ...
Registered in 0.003594 seconds.
Begin MonoManager ReloadAssembly
Native extension for WindowsStandalone target not found
Refreshing native plugins compatible for Editor in 0.30 ms, found 2 plugins.
Preloading 0 native plugins for Editor in 0.00 ms.
Mono: successfully reloaded assembly
- Completed reload, in  0.829 seconds
Platform modules already initialized, skipping
Refreshing native plugins compatible for Editor in 0.26 ms, found 2 plugins.
Preloading 0 native plugins for Editor in 0.00 ms.
Unloading 1384 Unused Serialized files (Serialized files now loaded: 0)
System memory in use before: 140.2 MB.
System memory in use after: 140.3 MB.

Unloading 14 unused Assets to reduce memory usage. Loaded Objects now: 2008.
Total: 1.892900 ms (FindLiveObjects: 0.208600 ms CreateObjectMapping: 0.059400 ms MarkObjects: 1.575700 ms  DeleteObjects: 0.048100 ms)

========================================================================
Received Prepare
Registering precompiled user dll's ...
Registered in 0.003007 seconds.
Begin MonoManager ReloadAssembly
Native extension for WindowsStandalone target not found
Refreshing native plugins compatible for Editor in 0.40 ms, found 2 plugins.
Preloading 0 native plugins for Editor in 0.00 ms.
Mono: successfully reloaded assembly
- Completed reload, in  0.847 seconds
Platform modules already initialized, skipping
Refreshing native plugins compatible for Editor in 0.30 ms, found 2 plugins.
Preloading 0 native plugins for Editor in 0.00 ms.
Unloading 1384 Unused Serialized files (Serialized files now loaded: 0)
System memory in use before: 140.2 MB.
System memory in use after: 140.3 MB.

Unloading 14 unused Assets to reduce memory usage. Loaded Objects now: 2011.
Total: 1.527600 ms (FindLiveObjects: 0.144400 ms CreateObjectMapping: 0.068200 ms MarkObjects: 1.267900 ms  DeleteObjects: 0.046100 ms)

========================================================================
Received Prepare
Registering precompiled user dll's ...
Registered in 0.003334 seconds.
Begin MonoManager ReloadAssembly
Native extension for WindowsStandalone target not found
Refreshing native plugins compatible for Editor in 0.25 ms, found 2 plugins.
Preloading 0 native plugins for Editor in 0.00 ms.
Mono: successfully reloaded assembly
- Completed reload, in  0.810 seconds
Platform modules already initialized, skipping
Refreshing native plugins compatible for Editor in 0.26 ms, found 2 plugins.
Preloading 0 native plugins for Editor in 0.00 ms.
Unloading 1384 Unused Serialized files (Serialized files now loaded: 0)
System memory in use before: 140.2 MB.
System memory in use after: 140.3 MB.

Unloading 14 unused Assets to reduce memory usage. Loaded Objects now: 2014.
Total: 1.971900 ms (FindLiveObjects: 0.189400 ms CreateObjectMapping: 0.074100 ms MarkObjects: 1.655700 ms  DeleteObjects: 0.051700 ms)

========================================================================
Received Prepare
Registering precompiled user dll's ...
Registered in 0.003082 seconds.
Begin MonoManager ReloadAssembly
Native extension for WindowsStandalone target not found
Refreshing native plugins compatible for Editor in 0.25 ms, found 2 plugins.
Preloading 0 native plugins for Editor in 0.00 ms.
Mono: successfully reloaded assembly
- Completed reload, in  0.773 seconds
Platform modules already initialized, skipping
Refreshing native plugins compatible for Editor in 0.27 ms, found 2 plugins.
Preloading 0 native plugins for Editor in 0.00 ms.
Unloading 1384 Unused Serialized files (Serialized files now loaded: 0)
System memory in use before: 140.2 MB.
System memory in use after: 140.3 MB.

Unloading 14 unused Assets to reduce memory usage. Loaded Objects now: 2017.
Total: 1.581900 ms (FindLiveObjects: 0.168300 ms CreateObjectMapping: 0.047900 ms MarkObjects: 1.321800 ms  DeleteObjects: 0.042900 ms)

========================================================================
Received Prepare
Registering precompiled user dll's ...
Registered in 0.002607 seconds.
Begin MonoManager ReloadAssembly
Native extension for WindowsStandalone target not found
Refreshing native plugins compatible for Editor in 0.26 ms, found 2 plugins.
Preloading 0 native plugins for Editor in 0.00 ms.
Mono: successfully reloaded assembly
- Completed reload, in  0.819 seconds
Platform modules already initialized, skipping
Refreshing native plugins compatible for Editor in 0.26 ms, found 2 plugins.
Preloading 0 native plugins for Editor in 0.00 ms.
Unloading 1384 Unused Serialized files (Serialized files now loaded: 0)
System memory in use before: 140.2 MB.
System memory in use after: 140.3 MB.

Unloading 14 unused Assets to reduce memory usage. Loaded Objects now: 2020.
Total: 2.478400 ms (FindLiveObjects: 0.132400 ms CreateObjectMapping: 0.041200 ms MarkObjects: 2.110400 ms  DeleteObjects: 0.191200 ms)

========================================================================
Received Prepare
Registering precompiled user dll's ...
Registered in 0.002995 seconds.
Begin MonoManager ReloadAssembly
Native extension for WindowsStandalone target not found
Refreshing native plugins compatible for Editor in 0.28 ms, found 2 plugins.
Preloading 0 native plugins for Editor in 0.00 ms.
Mono: successfully reloaded assembly
- Completed reload, in  0.855 seconds
Platform modules already initialized, skipping
Refreshing native plugins compatible for Editor in 0.26 ms, found 2 plugins.
Preloading 0 native plugins for Editor in 0.00 ms.
Unloading 1384 Unused Serialized files (Serialized files now loaded: 0)
System memory in use before: 140.2 MB.
System memory in use after: 140.3 MB.

Unloading 14 unused Assets to reduce memory usage. Loaded Objects now: 2023.
Total: 1.606500 ms (FindLiveObjects: 0.173000 ms CreateObjectMapping: 0.063800 ms MarkObjects: 1.327700 ms  DeleteObjects: 0.041100 ms)

========================================================================
Received Prepare
Registering precompiled user dll's ...
Registered in 0.002547 seconds.
Begin MonoManager ReloadAssembly
Native extension for WindowsStandalone target not found
Refreshing native plugins compatible for Editor in 0.28 ms, found 2 plugins.
Preloading 0 native plugins for Editor in 0.00 ms.
Mono: successfully reloaded assembly
- Completed reload, in  0.974 seconds
Platform modules already initialized, skipping
Refreshing native plugins compatible for Editor in 0.26 ms, found 2 plugins.
Preloading 0 native plugins for Editor in 0.00 ms.
Unloading 1384 Unused Serialized files (Serialized files now loaded: 0)
System memory in use before: 140.2 MB.
System memory in use after: 140.3 MB.

Unloading 14 unused Assets to reduce memory usage. Loaded Objects now: 2026.
Total: 2.270800 ms (FindLiveObjects: 0.244900 ms CreateObjectMapping: 0.068900 ms MarkObjects: 1.907400 ms  DeleteObjects: 0.048300 ms)

========================================================================
Received Prepare
Registering precompiled user dll's ...
Registered in 0.003178 seconds.
Begin MonoManager ReloadAssembly
Native extension for WindowsStandalone target not found
Refreshing native plugins compatible for Editor in 0.28 ms, found 2 plugins.
Preloading 0 native plugins for Editor in 0.00 ms.
Mono: successfully reloaded assembly
- Completed reload, in  0.902 seconds
Platform modules already initialized, skipping
Refreshing native plugins compatible for Editor in 0.41 ms, found 2 plugins.
Preloading 0 native plugins for Editor in 0.00 ms.
Unloading 1384 Unused Serialized files (Serialized files now loaded: 0)
System memory in use before: 140.2 MB.
System memory in use after: 140.3 MB.

Unloading 14 unused Assets to reduce memory usage. Loaded Objects now: 2029.
Total: 1.646800 ms (FindLiveObjects: 0.140400 ms CreateObjectMapping: 0.043100 ms MarkObjects: 1.416700 ms  DeleteObjects: 0.045900 ms)

========================================================================
Received Prepare
Registering precompiled user dll's ...
Registered in 0.004137 seconds.
Begin MonoManager ReloadAssembly
Native extension for WindowsStandalone target not found
Refreshing native plugins compatible for Editor in 0.35 ms, found 2 plugins.
Preloading 0 native plugins for Editor in 0.00 ms.
Mono: successfully reloaded assembly
- Completed reload, in  0.956 seconds
Platform modules already initialized, skipping
Refreshing native plugins compatible for Editor in 0.43 ms, found 2 plugins.
Preloading 0 native plugins for Editor in 0.00 ms.
Unloading 1384 Unused Serialized files (Serialized files now loaded: 0)
System memory in use before: 140.2 MB.
System memory in use after: 140.3 MB.

Unloading 14 unused Assets to reduce memory usage. Loaded Objects now: 2032.
Total: 2.631700 ms (FindLiveObjects: 0.253600 ms CreateObjectMapping: 0.054800 ms MarkObjects: 2.196600 ms  DeleteObjects: 0.124500 ms)

========================================================================
Received Prepare
Registering precompiled user dll's ...
Registered in 0.002736 seconds.
Begin MonoManager ReloadAssembly
Native extension for WindowsStandalone target not found
Refreshing native plugins compatible for Editor in 0.27 ms, found 2 plugins.
Preloading 0 native plugins for Editor in 0.00 ms.
Mono: successfully reloaded assembly
- Completed reload, in  0.796 seconds
Platform modules already initialized, skipping
Refreshing native plugins compatible for Editor in 0.37 ms, found 2 plugins.
Preloading 0 native plugins for Editor in 0.00 ms.
Unloading 1384 Unused Serialized files (Serialized files now loaded: 0)
System memory in use before: 140.2 MB.
System memory in use after: 140.3 MB.

Unloading 14 unused Assets to reduce memory usage. Loaded Objects now: 2035.
Total: 1.677300 ms (FindLiveObjects: 0.151400 ms CreateObjectMapping: 0.061000 ms MarkObjects: 1.419800 ms  DeleteObjects: 0.044300 ms)

========================================================================
Received Prepare
Registering precompiled user dll's ...
Registered in 0.002658 seconds.
Begin MonoManager ReloadAssembly
Native extension for WindowsStandalone target not found
Refreshing native plugins compatible for Editor in 0.27 ms, found 2 plugins.
Preloading 0 native plugins for Editor in 0.00 ms.
Mono: successfully reloaded assembly
- Completed reload, in  0.828 seconds
Platform modules already initialized, skipping
Refreshing native plugins compatible for Editor in 0.25 ms, found 2 plugins.
Preloading 0 native plugins for Editor in 0.00 ms.
Unloading 1384 Unused Serialized files (Serialized files now loaded: 0)
System memory in use before: 140.2 MB.
System memory in use after: 140.3 MB.

Unloading 14 unused Assets to reduce memory usage. Loaded Objects now: 2038.
Total: 1.552400 ms (FindLiveObjects: 0.141000 ms CreateObjectMapping: 0.044500 ms MarkObjects: 1.289000 ms  DeleteObjects: 0.076500 ms)

========================================================================
Received Prepare
Registering precompiled user dll's ...
Registered in 0.002734 seconds.
Begin MonoManager ReloadAssembly
Native extension for WindowsStandalone target not found
Refreshing native plugins compatible for Editor in 0.26 ms, found 2 plugins.
Preloading 0 native plugins for Editor in 0.00 ms.
Mono: successfully reloaded assembly
- Completed reload, in  0.843 seconds
Platform modules already initialized, skipping
Refreshing native plugins compatible for Editor in 0.27 ms, found 2 plugins.
Preloading 0 native plugins for Editor in 0.00 ms.
Unloading 1384 Unused Serialized files (Serialized files now loaded: 0)
System memory in use before: 140.2 MB.
System memory in use after: 140.3 MB.

Unloading 14 unused Assets to reduce memory usage. Loaded Objects now: 2041.
Total: 1.638900 ms (FindLiveObjects: 0.151700 ms CreateObjectMapping: 0.042100 ms MarkObjects: 1.400200 ms  DeleteObjects: 0.044100 ms)

========================================================================
Received Prepare
Registering precompiled user dll's ...
Registered in 0.002700 seconds.
Begin MonoManager ReloadAssembly
Native extension for WindowsStandalone target not found
Refreshing native plugins compatible for Editor in 0.27 ms, found 2 plugins.
Preloading 0 native plugins for Editor in 0.00 ms.
Mono: successfully reloaded assembly
- Completed reload, in  0.809 seconds
Platform modules already initialized, skipping
Refreshing native plugins compatible for Editor in 0.35 ms, found 2 plugins.
Preloading 0 native plugins for Editor in 0.00 ms.
Unloading 1384 Unused Serialized files (Serialized files now loaded: 0)
System memory in use before: 140.2 MB.
System memory in use after: 140.3 MB.

Unloading 14 unused Assets to reduce memory usage. Loaded Objects now: 2044.
Total: 1.533700 ms (FindLiveObjects: 0.148900 ms CreateObjectMapping: 0.041000 ms MarkObjects: 1.301900 ms  DeleteObjects: 0.040900 ms)

========================================================================
Received Prepare
Registering precompiled user dll's ...
Registered in 0.002662 seconds.
Begin MonoManager ReloadAssembly
Native extension for WindowsStandalone target not found
Refreshing native plugins compatible for Editor in 0.36 ms, found 2 plugins.
Preloading 0 native plugins for Editor in 0.00 ms.
Mono: successfully reloaded assembly
- Completed reload, in  0.879 seconds
Platform modules already initialized, skipping
Refreshing native plugins compatible for Editor in 0.28 ms, found 2 plugins.
Preloading 0 native plugins for Editor in 0.00 ms.
Unloading 1384 Unused Serialized files (Serialized files now loaded: 0)
System memory in use before: 140.2 MB.
System memory in use after: 140.3 MB.

Unloading 14 unused Assets to reduce memory usage. Loaded Objects now: 2047.
Total: 1.656300 ms (FindLiveObjects: 0.144200 ms CreateObjectMapping: 0.051300 ms MarkObjects: 1.414300 ms  DeleteObjects: 0.045800 ms)

========================================================================
Received Prepare
Registering precompiled user dll's ...
Registered in 0.003313 seconds.
Begin MonoManager ReloadAssembly
Native extension for WindowsStandalone target not found
Refreshing native plugins compatible for Editor in 0.26 ms, found 2 plugins.
Preloading 0 native plugins for Editor in 0.00 ms.
Mono: successfully reloaded assembly
- Completed reload, in  0.798 seconds
Platform modules already initialized, skipping
Refreshing native plugins compatible for Editor in 0.28 ms, found 2 plugins.
Preloading 0 native plugins for Editor in 0.00 ms.
Unloading 1384 Unused Serialized files (Serialized files now loaded: 0)
System memory in use before: 140.3 MB.
System memory in use after: 140.3 MB.

Unloading 14 unused Assets to reduce memory usage. Loaded Objects now: 2050.
Total: 1.657300 ms (FindLiveObjects: 0.151500 ms CreateObjectMapping: 0.040300 ms MarkObjects: 1.424600 ms  DeleteObjects: 0.040200 ms)

========================================================================
Received Prepare
Registering precompiled user dll's ...
Registered in 0.002926 seconds.
Begin MonoManager ReloadAssembly
Native extension for WindowsStandalone target not found
Refreshing native plugins compatible for Editor in 0.25 ms, found 2 plugins.
Preloading 0 native plugins for Editor in 0.00 ms.
Mono: successfully reloaded assembly
- Completed reload, in  0.816 seconds
Platform modules already initialized, skipping
Refreshing native plugins compatible for Editor in 0.32 ms, found 2 plugins.
Preloading 0 native plugins for Editor in 0.00 ms.
Unloading 1384 Unused Serialized files (Serialized files now loaded: 0)
System memory in use before: 140.3 MB.
System memory in use after: 140.3 MB.

Unloading 14 unused Assets to reduce memory usage. Loaded Objects now: 2053.
Total: 1.742200 ms (FindLiveObjects: 0.158600 ms CreateObjectMapping: 0.047000 ms MarkObjects: 1.430800 ms  DeleteObjects: 0.085000 ms)

========================================================================
Received Prepare
Registering precompiled user dll's ...
Registered in 0.002706 seconds.
Begin MonoManager ReloadAssembly
Native extension for WindowsStandalone target not found
Refreshing native plugins compatible for Editor in 0.35 ms, found 2 plugins.
Preloading 0 native plugins for Editor in 0.00 ms.
Mono: successfully reloaded assembly
- Completed reload, in  0.818 seconds
Platform modules already initialized, skipping
Refreshing native plugins compatible for Editor in 0.27 ms, found 2 plugins.
Preloading 0 native plugins for Editor in 0.00 ms.
Unloading 1384 Unused Serialized files (Serialized files now loaded: 0)
System memory in use before: 140.3 MB.
System memory in use after: 140.3 MB.

Unloading 14 unused Assets to reduce memory usage. Loaded Objects now: 2056.
Total: 1.557500 ms (FindLiveObjects: 0.151800 ms CreateObjectMapping: 0.042800 ms MarkObjects: 1.319200 ms  DeleteObjects: 0.042700 ms)

========================================================================
Received Prepare
Registering precompiled user dll's ...
Registered in 0.002744 seconds.
Begin MonoManager ReloadAssembly
Native extension for WindowsStandalone target not found
Refreshing native plugins compatible for Editor in 0.32 ms, found 2 plugins.
Preloading 0 native plugins for Editor in 0.00 ms.
Mono: successfully reloaded assembly
- Completed reload, in  0.849 seconds
Platform modules already initialized, skipping
Refreshing native plugins compatible for Editor in 0.28 ms, found 2 plugins.
Preloading 0 native plugins for Editor in 0.00 ms.
Unloading 1384 Unused Serialized files (Serialized files now loaded: 0)
System memory in use before: 140.3 MB.
System memory in use after: 140.3 MB.

Unloading 14 unused Assets to reduce memory usage. Loaded Objects now: 2059.
Total: 2.565700 ms (FindLiveObjects: 0.456000 ms CreateObjectMapping: 0.133800 ms MarkObjects: 1.922700 ms  DeleteObjects: 0.051800 ms)

========================================================================
Received Prepare
Registering precompiled user dll's ...
Registered in 0.002846 seconds.
Begin MonoManager ReloadAssembly
Native extension for WindowsStandalone target not found
Refreshing native plugins compatible for Editor in 0.25 ms, found 2 plugins.
Preloading 0 native plugins for Editor in 0.00 ms.
Mono: successfully reloaded assembly
- Completed reload, in  0.820 seconds
Platform modules already initialized, skipping
Refreshing native plugins compatible for Editor in 0.26 ms, found 2 plugins.
Preloading 0 native plugins for Editor in 0.00 ms.
Unloading 1384 Unused Serialized files (Serialized files now loaded: 0)
System memory in use before: 140.3 MB.
System memory in use after: 140.4 MB.

Unloading 14 unused Assets to reduce memory usage. Loaded Objects now: 2062.
Total: 2.091000 ms (FindLiveObjects: 0.206400 ms CreateObjectMapping: 0.062100 ms MarkObjects: 1.759300 ms  DeleteObjects: 0.062000 ms)

AssetImportWorkerClient::OnTransportError - code=2 error=End of file
